-- Journal begins at Tue 2022-06-21 22:59:00 UTC, ends at Tue 2022-06-21 23:51:05 UTC. --
Jun 21 22:59:01 kind-worker5 systemd[1]: Starting containerd container runtime...
Jun 21 22:59:01 kind-worker5 systemd[1]: Started containerd container runtime.
Jun 21 22:59:01 kind-worker5 containerd[96]: time="2022-06-21T22:59:01.656131209Z" level=info msg="starting containerd" revision=212e8b6fa2f44b9c21b2798135fc6fb7c53efc16 version=v1.6.4
Jun 21 22:59:01 kind-worker5 containerd[96]: time="2022-06-21T22:59:01.817522080Z" level=info msg="loading plugin \"io.containerd.content.v1.content\"..." type=io.containerd.content.v1
Jun 21 22:59:01 kind-worker5 containerd[96]: time="2022-06-21T22:59:01.817602077Z" level=info msg="loading plugin \"io.containerd.snapshotter.v1.aufs\"..." type=io.containerd.snapshotter.v1
Jun 21 22:59:01 kind-worker5 containerd[96]: time="2022-06-21T22:59:01.829759594Z" level=info msg="skip loading plugin \"io.containerd.snapshotter.v1.aufs\"..." error="aufs is not supported (modprobe aufs failed: exit status 1 \"modprobe: FATAL: Module aufs not found in directory /lib/modules/5.10.104-linuxkit\\n\"): skip plugin" type=io.containerd.snapshotter.v1
Jun 21 22:59:01 kind-worker5 containerd[96]: time="2022-06-21T22:59:01.829920793Z" level=info msg="loading plugin \"io.containerd.snapshotter.v1.btrfs\"..." type=io.containerd.snapshotter.v1
Jun 21 22:59:01 kind-worker5 containerd[96]: time="2022-06-21T22:59:01.835821136Z" level=info msg="skip loading plugin \"io.containerd.snapshotter.v1.btrfs\"..." error="path /var/lib/containerd/io.containerd.snapshotter.v1.btrfs (ext4) must be a btrfs filesystem to be used with the btrfs snapshotter: skip plugin" type=io.containerd.snapshotter.v1
Jun 21 22:59:01 kind-worker5 containerd[96]: time="2022-06-21T22:59:01.840138274Z" level=info msg="loading plugin \"io.containerd.snapshotter.v1.devmapper\"..." type=io.containerd.snapshotter.v1
Jun 21 22:59:01 kind-worker5 containerd[96]: time="2022-06-21T22:59:01.840340018Z" level=warning msg="failed to load plugin io.containerd.snapshotter.v1.devmapper" error="devmapper not configured"
Jun 21 22:59:01 kind-worker5 containerd[96]: time="2022-06-21T22:59:01.840480725Z" level=info msg="loading plugin \"io.containerd.snapshotter.v1.native\"..." type=io.containerd.snapshotter.v1
Jun 21 22:59:01 kind-worker5 containerd[96]: time="2022-06-21T22:59:01.840717959Z" level=info msg="loading plugin \"io.containerd.snapshotter.v1.overlayfs\"..." type=io.containerd.snapshotter.v1
Jun 21 22:59:01 kind-worker5 containerd[96]: time="2022-06-21T22:59:01.841254210Z" level=info msg="loading plugin \"io.containerd.snapshotter.v1.zfs\"..." type=io.containerd.snapshotter.v1
Jun 21 22:59:01 kind-worker5 containerd[96]: time="2022-06-21T22:59:01.841785730Z" level=info msg="skip loading plugin \"io.containerd.snapshotter.v1.zfs\"..." error="path /var/lib/containerd/io.containerd.snapshotter.v1.zfs must be a zfs filesystem to be used with the zfs snapshotter: skip plugin" type=io.containerd.snapshotter.v1
Jun 21 22:59:01 kind-worker5 containerd[96]: time="2022-06-21T22:59:01.855767279Z" level=info msg="loading plugin \"io.containerd.snapshotter.v1.fuse-overlayfs\"..." type=io.containerd.snapshotter.v1
Jun 21 22:59:01 kind-worker5 containerd[96]: time="2022-06-21T22:59:01.856135725Z" level=info msg="loading plugin \"io.containerd.metadata.v1.bolt\"..." type=io.containerd.metadata.v1
Jun 21 22:59:01 kind-worker5 containerd[96]: time="2022-06-21T22:59:01.856325196Z" level=warning msg="could not use snapshotter devmapper in metadata plugin" error="devmapper not configured"
Jun 21 22:59:01 kind-worker5 containerd[96]: time="2022-06-21T22:59:01.857903022Z" level=info msg="metadata content store policy set" policy=shared
Jun 21 22:59:01 kind-worker5 containerd[96]: time="2022-06-21T22:59:01.858785850Z" level=info msg="loading plugin \"io.containerd.differ.v1.walking\"..." type=io.containerd.differ.v1
Jun 21 22:59:01 kind-worker5 containerd[96]: time="2022-06-21T22:59:01.858844385Z" level=info msg="loading plugin \"io.containerd.event.v1.exchange\"..." type=io.containerd.event.v1
Jun 21 22:59:01 kind-worker5 containerd[96]: time="2022-06-21T22:59:01.858868410Z" level=info msg="loading plugin \"io.containerd.gc.v1.scheduler\"..." type=io.containerd.gc.v1
Jun 21 22:59:01 kind-worker5 containerd[96]: time="2022-06-21T22:59:01.858913757Z" level=info msg="loading plugin \"io.containerd.service.v1.introspection-service\"..." type=io.containerd.service.v1
Jun 21 22:59:01 kind-worker5 containerd[96]: time="2022-06-21T22:59:01.858946278Z" level=info msg="loading plugin \"io.containerd.service.v1.containers-service\"..." type=io.containerd.service.v1
Jun 21 22:59:01 kind-worker5 containerd[96]: time="2022-06-21T22:59:01.858975223Z" level=info msg="loading plugin \"io.containerd.service.v1.content-service\"..." type=io.containerd.service.v1
Jun 21 22:59:01 kind-worker5 containerd[96]: time="2022-06-21T22:59:01.858998995Z" level=info msg="loading plugin \"io.containerd.service.v1.diff-service\"..." type=io.containerd.service.v1
Jun 21 22:59:01 kind-worker5 containerd[96]: time="2022-06-21T22:59:01.859023265Z" level=info msg="loading plugin \"io.containerd.service.v1.images-service\"..." type=io.containerd.service.v1
Jun 21 22:59:01 kind-worker5 containerd[96]: time="2022-06-21T22:59:01.859047579Z" level=info msg="loading plugin \"io.containerd.service.v1.leases-service\"..." type=io.containerd.service.v1
Jun 21 22:59:01 kind-worker5 containerd[96]: time="2022-06-21T22:59:01.859069872Z" level=info msg="loading plugin \"io.containerd.service.v1.namespaces-service\"..." type=io.containerd.service.v1
Jun 21 22:59:01 kind-worker5 containerd[96]: time="2022-06-21T22:59:01.859089930Z" level=info msg="loading plugin \"io.containerd.service.v1.snapshots-service\"..." type=io.containerd.service.v1
Jun 21 22:59:01 kind-worker5 containerd[96]: time="2022-06-21T22:59:01.859124736Z" level=info msg="loading plugin \"io.containerd.runtime.v1.linux\"..." type=io.containerd.runtime.v1
Jun 21 22:59:01 kind-worker5 containerd[96]: time="2022-06-21T22:59:01.859229030Z" level=info msg="loading plugin \"io.containerd.runtime.v2.task\"..." type=io.containerd.runtime.v2
Jun 21 22:59:01 kind-worker5 containerd[96]: time="2022-06-21T22:59:01.859306896Z" level=info msg="loading plugin \"io.containerd.monitor.v1.cgroups\"..." type=io.containerd.monitor.v1
Jun 21 22:59:01 kind-worker5 containerd[96]: time="2022-06-21T22:59:01.892374096Z" level=info msg="loading plugin \"io.containerd.service.v1.tasks-service\"..." type=io.containerd.service.v1
Jun 21 22:59:01 kind-worker5 containerd[96]: time="2022-06-21T22:59:01.893742318Z" level=info msg="loading plugin \"io.containerd.grpc.v1.introspection\"..." type=io.containerd.grpc.v1
Jun 21 22:59:01 kind-worker5 containerd[96]: time="2022-06-21T22:59:01.894200219Z" level=info msg="loading plugin \"io.containerd.internal.v1.restart\"..." type=io.containerd.internal.v1
Jun 21 22:59:01 kind-worker5 containerd[96]: time="2022-06-21T22:59:01.894421519Z" level=info msg="loading plugin \"io.containerd.grpc.v1.containers\"..." type=io.containerd.grpc.v1
Jun 21 22:59:01 kind-worker5 containerd[96]: time="2022-06-21T22:59:01.895445699Z" level=info msg="loading plugin \"io.containerd.grpc.v1.content\"..." type=io.containerd.grpc.v1
Jun 21 22:59:01 kind-worker5 containerd[96]: time="2022-06-21T22:59:01.895767578Z" level=info msg="loading plugin \"io.containerd.grpc.v1.diff\"..." type=io.containerd.grpc.v1
Jun 21 22:59:01 kind-worker5 containerd[96]: time="2022-06-21T22:59:01.896018281Z" level=info msg="loading plugin \"io.containerd.grpc.v1.events\"..." type=io.containerd.grpc.v1
Jun 21 22:59:01 kind-worker5 containerd[96]: time="2022-06-21T22:59:01.896221341Z" level=info msg="loading plugin \"io.containerd.grpc.v1.healthcheck\"..." type=io.containerd.grpc.v1
Jun 21 22:59:01 kind-worker5 containerd[96]: time="2022-06-21T22:59:01.896334323Z" level=info msg="loading plugin \"io.containerd.grpc.v1.images\"..." type=io.containerd.grpc.v1
Jun 21 22:59:01 kind-worker5 containerd[96]: time="2022-06-21T22:59:01.896422810Z" level=info msg="loading plugin \"io.containerd.grpc.v1.leases\"..." type=io.containerd.grpc.v1
Jun 21 22:59:01 kind-worker5 containerd[96]: time="2022-06-21T22:59:01.896513112Z" level=info msg="loading plugin \"io.containerd.grpc.v1.namespaces\"..." type=io.containerd.grpc.v1
Jun 21 22:59:01 kind-worker5 containerd[96]: time="2022-06-21T22:59:01.896600963Z" level=info msg="loading plugin \"io.containerd.internal.v1.opt\"..." type=io.containerd.internal.v1
Jun 21 22:59:01 kind-worker5 containerd[96]: time="2022-06-21T22:59:01.896767709Z" level=info msg="loading plugin \"io.containerd.grpc.v1.snapshots\"..." type=io.containerd.grpc.v1
Jun 21 22:59:01 kind-worker5 containerd[96]: time="2022-06-21T22:59:01.898195537Z" level=info msg="loading plugin \"io.containerd.grpc.v1.tasks\"..." type=io.containerd.grpc.v1
Jun 21 22:59:01 kind-worker5 containerd[96]: time="2022-06-21T22:59:01.898368453Z" level=info msg="loading plugin \"io.containerd.grpc.v1.version\"..." type=io.containerd.grpc.v1
Jun 21 22:59:01 kind-worker5 containerd[96]: time="2022-06-21T22:59:01.898473900Z" level=info msg="loading plugin \"io.containerd.tracing.processor.v1.otlp\"..." type=io.containerd.tracing.processor.v1
Jun 21 22:59:01 kind-worker5 containerd[96]: time="2022-06-21T22:59:01.898682628Z" level=info msg="skip loading plugin \"io.containerd.tracing.processor.v1.otlp\"..." error="no OpenTelemetry endpoint: skip plugin" type=io.containerd.tracing.processor.v1
Jun 21 22:59:01 kind-worker5 containerd[96]: time="2022-06-21T22:59:01.898789448Z" level=info msg="loading plugin \"io.containerd.internal.v1.tracing\"..." type=io.containerd.internal.v1
Jun 21 22:59:01 kind-worker5 containerd[96]: time="2022-06-21T22:59:01.898954048Z" level=error msg="failed to initialize a tracing processor \"otlp\"" error="no OpenTelemetry endpoint: skip plugin"
Jun 21 22:59:01 kind-worker5 containerd[96]: time="2022-06-21T22:59:01.899082688Z" level=info msg="loading plugin \"io.containerd.grpc.v1.cri\"..." type=io.containerd.grpc.v1
Jun 21 22:59:01 kind-worker5 containerd[96]: time="2022-06-21T22:59:01.899591237Z" level=warning msg="`mirrors` is deprecated, please use `config_path` instead"
Jun 21 22:59:01 kind-worker5 containerd[96]: time="2022-06-21T22:59:01.900352669Z" level=info msg="Start cri plugin with config {PluginConfig:{ContainerdConfig:{Snapshotter:overlayfs DefaultRuntimeName:runc DefaultRuntime:{Type: Path: Engine: PodAnnotations:[] ContainerAnnotations:[] Root: Options:map[] PrivilegedWithoutHostDevices:false BaseRuntimeSpec: NetworkPluginConfDir: NetworkPluginMaxConfNum:0} UntrustedWorkloadRuntime:{Type: Path: Engine: PodAnnotations:[] ContainerAnnotations:[] Root: Options:map[] PrivilegedWithoutHostDevices:false BaseRuntimeSpec: NetworkPluginConfDir: NetworkPluginMaxConfNum:0} Runtimes:map[runc:{Type:io.containerd.runc.v2 Path: Engine: PodAnnotations:[] ContainerAnnotations:[] Root: Options:map[SystemdCgroup:true] PrivilegedWithoutHostDevices:false BaseRuntimeSpec:/etc/containerd/cri-base.json NetworkPluginConfDir: NetworkPluginMaxConfNum:0} test-handler:{Type:io.containerd.runc.v2 Path: Engine: PodAnnotations:[] ContainerAnnotations:[] Root: Options:map[SystemdCgroup:true] PrivilegedWithoutHostDevices:false BaseRuntimeSpec:/etc/containerd/cri-base.json NetworkPluginConfDir: NetworkPluginMaxConfNum:0}] NoPivot:false DisableSnapshotAnnotations:true DiscardUnpackedLayers:true IgnoreRdtNotEnabledErrors:false} CniConfig:{NetworkPluginBinDir:/opt/cni/bin NetworkPluginConfDir:/etc/cni/net.d NetworkPluginMaxConfNum:1 NetworkPluginConfTemplate: IPPreference:} Registry:{ConfigPath: Mirrors:map[k8s.gcr.io:{Endpoints:[https://registry.k8s.io https://k8s.gcr.io]}] Configs:map[] Auths:map[] Headers:map[]} ImageDecryption:{KeyModel:node} DisableTCPService:true StreamServerAddress:127.0.0.1 StreamServerPort:0 StreamIdleTimeout:4h0m0s EnableSelinux:false SelinuxCategoryRange:1024 SandboxImage:k8s.gcr.io/pause:3.6 StatsCollectPeriod:10 SystemdCgroup:false EnableTLSStreaming:false X509KeyPairStreaming:{TLSCertFile: TLSKeyFile:} MaxContainerLogLineSize:16384 DisableCgroup:false DisableApparmor:false RestrictOOMScoreAdj:false MaxConcurrentDownloads:3 DisableProcMount:false UnsetSeccompProfile: TolerateMissingHugetlbController:true DisableHugetlbController:true DeviceOwnershipFromSecurityContext:false IgnoreImageDefinedVolumes:false NetNSMountsUnderStateDir:false EnableUnprivilegedPorts:false EnableUnprivilegedICMP:false} ContainerdRootDir:/var/lib/containerd ContainerdEndpoint:/run/containerd/containerd.sock RootDir:/var/lib/containerd/io.containerd.grpc.v1.cri StateDir:/run/containerd/io.containerd.grpc.v1.cri}"
Jun 21 22:59:01 kind-worker5 containerd[96]: time="2022-06-21T22:59:01.904711817Z" level=info msg="Connect containerd service"
Jun 21 22:59:01 kind-worker5 containerd[96]: time="2022-06-21T22:59:01.907031570Z" level=info msg="Get image filesystem path \"/var/lib/containerd/io.containerd.snapshotter.v1.overlayfs\""
Jun 21 22:59:01 kind-worker5 containerd[96]: time="2022-06-21T22:59:01.909261161Z" level=error msg="failed to load cni during init, please check CRI plugin status before setting up network for pods" error="cni config load failed: no network config found in /etc/cni/net.d: cni plugin not initialized: failed to load cni config"
Jun 21 22:59:01 kind-worker5 containerd[96]: time="2022-06-21T22:59:01.936496759Z" level=info msg=serving... address=/run/containerd/containerd.sock.ttrpc
Jun 21 22:59:01 kind-worker5 containerd[96]: time="2022-06-21T22:59:01.944190284Z" level=info msg=serving... address=/run/containerd/containerd.sock
Jun 21 22:59:01 kind-worker5 containerd[96]: time="2022-06-21T22:59:01.944564407Z" level=info msg="containerd successfully booted in 0.312943s"
Jun 21 22:59:01 kind-worker5 containerd[96]: time="2022-06-21T22:59:01.940526306Z" level=info msg="Start subscribing containerd event"
Jun 21 22:59:01 kind-worker5 containerd[96]: time="2022-06-21T22:59:01.953023693Z" level=info msg="Start recovering state"
Jun 21 22:59:01 kind-worker5 containerd[96]: time="2022-06-21T22:59:01.955028085Z" level=warning msg="The image docker.io/kindest/kindnetd:v20220510-4929dd75 is not unpacked."
Jun 21 22:59:01 kind-worker5 containerd[96]: time="2022-06-21T22:59:01.961841856Z" level=warning msg="The image docker.io/kindest/local-path-helper:v20220512-507ff70b is not unpacked."
Jun 21 22:59:01 kind-worker5 containerd[96]: time="2022-06-21T22:59:01.985445723Z" level=warning msg="The image docker.io/kindest/local-path-provisioner:v0.0.22-kind.0 is not unpacked."
Jun 21 22:59:02 kind-worker5 containerd[96]: time="2022-06-21T22:59:02.013916337Z" level=warning msg="The image import-2022-05-19@sha256:289df0671b753c90e6b717b92ada9af9bcb48678d59affc8cc27eef4f01e9251 is not unpacked."
Jun 21 22:59:02 kind-worker5 containerd[96]: time="2022-06-21T22:59:02.015229950Z" level=warning msg="The image import-2022-05-19@sha256:5611470386fb81d6d169bb37667ae1f9fa884631b265b54d8d9601d9338aad18 is not unpacked."
Jun 21 22:59:02 kind-worker5 containerd[96]: time="2022-06-21T22:59:02.040883122Z" level=warning msg="The image import-2022-05-19@sha256:654122cbd980cb4a8417347b8c84ecdbc81a735d3d01409bec6f37ef293511ca is not unpacked."
Jun 21 22:59:02 kind-worker5 containerd[96]: time="2022-06-21T22:59:02.047606625Z" level=warning msg="The image import-2022-05-19@sha256:948ca7c1da4b6108193f4dae34f2e94cfdaa901ab8876ba4009cc024673d2af4 is not unpacked."
Jun 21 22:59:02 kind-worker5 containerd[96]: time="2022-06-21T22:59:02.050504733Z" level=warning msg="The image k8s.gcr.io/coredns/coredns:v1.8.6 is not unpacked."
Jun 21 22:59:02 kind-worker5 containerd[96]: time="2022-06-21T22:59:02.058747237Z" level=warning msg="The image k8s.gcr.io/etcd:3.5.3-0 is not unpacked."
Jun 21 22:59:02 kind-worker5 containerd[96]: time="2022-06-21T22:59:02.087447662Z" level=warning msg="The image k8s.gcr.io/kube-apiserver:v1.24.0 is not unpacked."
Jun 21 22:59:02 kind-worker5 containerd[96]: time="2022-06-21T22:59:02.174479538Z" level=warning msg="The image k8s.gcr.io/kube-controller-manager:v1.24.0 is not unpacked."
Jun 21 22:59:02 kind-worker5 containerd[96]: time="2022-06-21T22:59:02.270386493Z" level=warning msg="The image k8s.gcr.io/kube-proxy:v1.24.0 is not unpacked."
Jun 21 22:59:02 kind-worker5 containerd[96]: time="2022-06-21T22:59:02.275542038Z" level=warning msg="The image k8s.gcr.io/kube-scheduler:v1.24.0 is not unpacked."
Jun 21 22:59:02 kind-worker5 containerd[96]: time="2022-06-21T22:59:02.500209572Z" level=warning msg="The image k8s.gcr.io/pause:3.6 is not unpacked."
Jun 21 22:59:02 kind-worker5 containerd[96]: time="2022-06-21T22:59:02.508532447Z" level=warning msg="The image sha256:41f5241e3396e516b754fd924d12444525720850c86aeac1b4bfd33616233b91 is not unpacked."
Jun 21 22:59:02 kind-worker5 containerd[96]: time="2022-06-21T22:59:02.519170476Z" level=warning msg="The image sha256:4c1e997385b8fb4ad4d1d3c7e5af7ff3f882e94d07cf5b78de9e889bc60830e6 is not unpacked."
Jun 21 22:59:02 kind-worker5 containerd[96]: time="2022-06-21T22:59:02.552437197Z" level=warning msg="The image sha256:6270bb605e12e581514ada5fd5b3216f727db55dc87d5889c790e4c760683fee is not unpacked."
Jun 21 22:59:02 kind-worker5 containerd[96]: time="2022-06-21T22:59:02.589353632Z" level=warning msg="The image sha256:64623e9d887d3ee33e56df43874531bf48391818f508505f21d6a5c5e4fa0da7 is not unpacked."
Jun 21 22:59:02 kind-worker5 containerd[96]: time="2022-06-21T22:59:02.591052747Z" level=warning msg="The image sha256:6960c0e47829dde050fa5a480f69ccca6bfbbdd1bab831aeed9040671b9dc30c is not unpacked."
Jun 21 22:59:02 kind-worker5 containerd[96]: time="2022-06-21T22:59:02.633223028Z" level=warning msg="The image sha256:6fb66cd78abfe9e0735a9a751f2586b7984e0d279e87fa8dd175781de6595627 is not unpacked."
Jun 21 22:59:02 kind-worker5 containerd[96]: time="2022-06-21T22:59:02.638039803Z" level=warning msg="The image sha256:9ef4b1de3be49aa0aa77d434a3c38e35c67c007b92a1c522825a46fc579ac998 is not unpacked."
Jun 21 22:59:02 kind-worker5 containerd[96]: time="2022-06-21T22:59:02.654939521Z" level=warning msg="The image sha256:a4ca41631cc7ac19ce1be3ebf0314ac5f47af7c711f17066006db82ee3b75b03 is not unpacked."
Jun 21 22:59:02 kind-worker5 containerd[96]: time="2022-06-21T22:59:02.669734212Z" level=warning msg="The image sha256:aebe758cef4cd05b9f8cee39758227714d02f42ef3088023c1e3cd454f927a2b is not unpacked."
Jun 21 22:59:02 kind-worker5 containerd[96]: time="2022-06-21T22:59:02.681586749Z" level=warning msg="The image sha256:efa8a439d146031cd20318ad4cb2eb712a2d638d503420212158ee737805e95a is not unpacked."
Jun 21 22:59:02 kind-worker5 containerd[96]: time="2022-06-21T22:59:02.682535704Z" level=info msg="Start event monitor"
Jun 21 22:59:02 kind-worker5 containerd[96]: time="2022-06-21T22:59:02.683552108Z" level=info msg="Start snapshots syncer"
Jun 21 22:59:02 kind-worker5 containerd[96]: time="2022-06-21T22:59:02.683654383Z" level=info msg="Start cni network conf syncer for default"
Jun 21 22:59:02 kind-worker5 containerd[96]: time="2022-06-21T22:59:02.683677546Z" level=info msg="Start streaming server"
Jun 21 23:01:23 kind-worker5 containerd[96]: time="2022-06-21T23:01:23.106735648Z" level=info msg="No cni config template is specified, wait for other system components to drop the config."
Jun 21 23:01:24 kind-worker5 containerd[96]: time="2022-06-21T23:01:24.726236484Z" level=info msg="RunPodSandbox for &PodSandboxMetadata{Name:kindnet-9wgs6,Uid:c533def7-8380-43d9-9a95-58d98d7848c8,Namespace:kube-system,Attempt:0,}"
Jun 21 23:01:25 kind-worker5 containerd[96]: time="2022-06-21T23:01:25.034302842Z" level=info msg="loading plugin \"io.containerd.event.v1.publisher\"..." runtime=io.containerd.runc.v2 type=io.containerd.event.v1
Jun 21 23:01:25 kind-worker5 containerd[96]: time="2022-06-21T23:01:25.034417129Z" level=info msg="loading plugin \"io.containerd.internal.v1.shutdown\"..." runtime=io.containerd.runc.v2 type=io.containerd.internal.v1
Jun 21 23:01:25 kind-worker5 containerd[96]: time="2022-06-21T23:01:25.034438619Z" level=info msg="loading plugin \"io.containerd.ttrpc.v1.task\"..." runtime=io.containerd.runc.v2 type=io.containerd.ttrpc.v1
Jun 21 23:01:25 kind-worker5 containerd[96]: time="2022-06-21T23:01:25.040151352Z" level=info msg="starting signal loop" namespace=k8s.io path=/run/containerd/io.containerd.runtime.v2.task/k8s.io/84973604a51df67603754cb8305e4557ebcd4395659a0076d0e5c9ce3a7d777f pid=284 runtime=io.containerd.runc.v2
Jun 21 23:01:25 kind-worker5 containerd[96]: time="2022-06-21T23:01:25.916462709Z" level=info msg="RunPodSandbox for &PodSandboxMetadata{Name:kube-proxy-w6t9d,Uid:3dbe9b76-4526-4c0d-a58d-49444b46f68c,Namespace:kube-system,Attempt:0,}"
Jun 21 23:01:26 kind-worker5 containerd[96]: time="2022-06-21T23:01:26.804281100Z" level=info msg="RunPodSandbox for &PodSandboxMetadata{Name:kindnet-9wgs6,Uid:c533def7-8380-43d9-9a95-58d98d7848c8,Namespace:kube-system,Attempt:0,} returns sandbox id \"84973604a51df67603754cb8305e4557ebcd4395659a0076d0e5c9ce3a7d777f\""
Jun 21 23:01:26 kind-worker5 containerd[96]: time="2022-06-21T23:01:26.852826955Z" level=info msg="loading plugin \"io.containerd.event.v1.publisher\"..." runtime=io.containerd.runc.v2 type=io.containerd.event.v1
Jun 21 23:01:26 kind-worker5 containerd[96]: time="2022-06-21T23:01:26.853028176Z" level=info msg="loading plugin \"io.containerd.internal.v1.shutdown\"..." runtime=io.containerd.runc.v2 type=io.containerd.internal.v1
Jun 21 23:01:26 kind-worker5 containerd[96]: time="2022-06-21T23:01:26.853083558Z" level=info msg="loading plugin \"io.containerd.ttrpc.v1.task\"..." runtime=io.containerd.runc.v2 type=io.containerd.ttrpc.v1
Jun 21 23:01:26 kind-worker5 containerd[96]: time="2022-06-21T23:01:26.854637793Z" level=info msg="starting signal loop" namespace=k8s.io path=/run/containerd/io.containerd.runtime.v2.task/k8s.io/579206b5fef75a87cd505fc4fcd4855b94ecf0e4721b0121d337d21b2d050125 pid=326 runtime=io.containerd.runc.v2
Jun 21 23:01:26 kind-worker5 containerd[96]: time="2022-06-21T23:01:26.860076036Z" level=info msg="CreateContainer within sandbox \"84973604a51df67603754cb8305e4557ebcd4395659a0076d0e5c9ce3a7d777f\" for container &ContainerMetadata{Name:kindnet-cni,Attempt:0,}"
Jun 21 23:01:28 kind-worker5 containerd[96]: time="2022-06-21T23:01:28.700656916Z" level=info msg="RunPodSandbox for &PodSandboxMetadata{Name:kube-proxy-w6t9d,Uid:3dbe9b76-4526-4c0d-a58d-49444b46f68c,Namespace:kube-system,Attempt:0,} returns sandbox id \"579206b5fef75a87cd505fc4fcd4855b94ecf0e4721b0121d337d21b2d050125\""
Jun 21 23:01:28 kind-worker5 containerd[96]: time="2022-06-21T23:01:28.716876974Z" level=info msg="CreateContainer within sandbox \"579206b5fef75a87cd505fc4fcd4855b94ecf0e4721b0121d337d21b2d050125\" for container &ContainerMetadata{Name:kube-proxy,Attempt:0,}"
Jun 21 23:01:55 kind-worker5 containerd[96]: time="2022-06-21T23:01:55.372138240Z" level=info msg="CreateContainer within sandbox \"579206b5fef75a87cd505fc4fcd4855b94ecf0e4721b0121d337d21b2d050125\" for &ContainerMetadata{Name:kube-proxy,Attempt:0,} returns container id \"f8841d901b3252fc83c74efeb9b629b381f58f474974f5d027acaa7de0ecc509\""
Jun 21 23:01:55 kind-worker5 containerd[96]: time="2022-06-21T23:01:55.399996478Z" level=info msg="StartContainer for \"f8841d901b3252fc83c74efeb9b629b381f58f474974f5d027acaa7de0ecc509\""
Jun 21 23:01:57 kind-worker5 containerd[96]: time="2022-06-21T23:01:57.884680783Z" level=error msg="get state for f8841d901b3252fc83c74efeb9b629b381f58f474974f5d027acaa7de0ecc509" error="context deadline exceeded: unknown"
Jun 21 23:01:57 kind-worker5 containerd[96]: time="2022-06-21T23:01:57.885016498Z" level=warning msg="unknown status" status=0
Jun 21 23:02:00 kind-worker5 containerd[96]: time="2022-06-21T23:02:00.103431891Z" level=error msg="get state for f8841d901b3252fc83c74efeb9b629b381f58f474974f5d027acaa7de0ecc509" error="context deadline exceeded: unknown"
Jun 21 23:02:00 kind-worker5 containerd[96]: time="2022-06-21T23:02:00.104916516Z" level=warning msg="unknown status" status=0
Jun 21 23:02:00 kind-worker5 containerd[96]: time="2022-06-21T23:02:00.422599576Z" level=info msg="StartContainer for \"f8841d901b3252fc83c74efeb9b629b381f58f474974f5d027acaa7de0ecc509\" returns successfully"
Jun 21 23:02:09 kind-worker5 containerd[96]: time="2022-06-21T23:02:09.945313918Z" level=info msg="CreateContainer within sandbox \"84973604a51df67603754cb8305e4557ebcd4395659a0076d0e5c9ce3a7d777f\" for &ContainerMetadata{Name:kindnet-cni,Attempt:0,} returns container id \"4e58c4119747bfa44a9cd553014727bd8473425e380bb5e032d426417cf98082\""
Jun 21 23:02:09 kind-worker5 containerd[96]: time="2022-06-21T23:02:09.946944660Z" level=info msg="StartContainer for \"4e58c4119747bfa44a9cd553014727bd8473425e380bb5e032d426417cf98082\""
Jun 21 23:02:11 kind-worker5 containerd[96]: time="2022-06-21T23:02:11.006121599Z" level=info msg="StartContainer for \"4e58c4119747bfa44a9cd553014727bd8473425e380bb5e032d426417cf98082\" returns successfully"
Jun 21 23:02:16 kind-worker5 containerd[96]: time="2022-06-21T23:02:16.703123876Z" level=error msg="failed to reload cni configuration after receiving fs change event(\"/etc/cni/net.d/10-kindnet.conflist.temp\": WRITE)" error="cni config load failed: no network config found in /etc/cni/net.d: cni plugin not initialized: failed to load cni config"
