-- Journal begins at Tue 2022-06-21 22:58:55 UTC, ends at Tue 2022-06-21 23:51:07 UTC. --
Jun 21 22:58:58 kind-worker2 systemd[1]: Starting containerd container runtime...
Jun 21 22:58:58 kind-worker2 systemd[1]: Started containerd container runtime.
Jun 21 22:59:00 kind-worker2 containerd[96]: time="2022-06-21T22:59:00.304346026Z" level=info msg="starting containerd" revision=212e8b6fa2f44b9c21b2798135fc6fb7c53efc16 version=v1.6.4
Jun 21 22:59:00 kind-worker2 containerd[96]: time="2022-06-21T22:59:00.545304386Z" level=info msg="loading plugin \"io.containerd.content.v1.content\"..." type=io.containerd.content.v1
Jun 21 22:59:00 kind-worker2 containerd[96]: time="2022-06-21T22:59:00.546932616Z" level=info msg="loading plugin \"io.containerd.snapshotter.v1.aufs\"..." type=io.containerd.snapshotter.v1
Jun 21 22:59:00 kind-worker2 containerd[96]: time="2022-06-21T22:59:00.557834337Z" level=info msg="skip loading plugin \"io.containerd.snapshotter.v1.aufs\"..." error="aufs is not supported (modprobe aufs failed: exit status 1 \"modprobe: FATAL: Module aufs not found in directory /lib/modules/5.10.104-linuxkit\\n\"): skip plugin" type=io.containerd.snapshotter.v1
Jun 21 22:59:00 kind-worker2 containerd[96]: time="2022-06-21T22:59:00.558210748Z" level=info msg="loading plugin \"io.containerd.snapshotter.v1.btrfs\"..." type=io.containerd.snapshotter.v1
Jun 21 22:59:00 kind-worker2 containerd[96]: time="2022-06-21T22:59:00.558526292Z" level=info msg="skip loading plugin \"io.containerd.snapshotter.v1.btrfs\"..." error="path /var/lib/containerd/io.containerd.snapshotter.v1.btrfs (ext4) must be a btrfs filesystem to be used with the btrfs snapshotter: skip plugin" type=io.containerd.snapshotter.v1
Jun 21 22:59:00 kind-worker2 containerd[96]: time="2022-06-21T22:59:00.558618520Z" level=info msg="loading plugin \"io.containerd.snapshotter.v1.devmapper\"..." type=io.containerd.snapshotter.v1
Jun 21 22:59:00 kind-worker2 containerd[96]: time="2022-06-21T22:59:00.558676520Z" level=warning msg="failed to load plugin io.containerd.snapshotter.v1.devmapper" error="devmapper not configured"
Jun 21 22:59:00 kind-worker2 containerd[96]: time="2022-06-21T22:59:00.558732373Z" level=info msg="loading plugin \"io.containerd.snapshotter.v1.native\"..." type=io.containerd.snapshotter.v1
Jun 21 22:59:00 kind-worker2 containerd[96]: time="2022-06-21T22:59:00.558811287Z" level=info msg="loading plugin \"io.containerd.snapshotter.v1.overlayfs\"..." type=io.containerd.snapshotter.v1
Jun 21 22:59:00 kind-worker2 containerd[96]: time="2022-06-21T22:59:00.559057215Z" level=info msg="loading plugin \"io.containerd.snapshotter.v1.zfs\"..." type=io.containerd.snapshotter.v1
Jun 21 22:59:00 kind-worker2 containerd[96]: time="2022-06-21T22:59:00.559810499Z" level=info msg="skip loading plugin \"io.containerd.snapshotter.v1.zfs\"..." error="path /var/lib/containerd/io.containerd.snapshotter.v1.zfs must be a zfs filesystem to be used with the zfs snapshotter: skip plugin" type=io.containerd.snapshotter.v1
Jun 21 22:59:00 kind-worker2 containerd[96]: time="2022-06-21T22:59:00.559946161Z" level=info msg="loading plugin \"io.containerd.snapshotter.v1.fuse-overlayfs\"..." type=io.containerd.snapshotter.v1
Jun 21 22:59:00 kind-worker2 containerd[96]: time="2022-06-21T22:59:00.560146347Z" level=info msg="loading plugin \"io.containerd.metadata.v1.bolt\"..." type=io.containerd.metadata.v1
Jun 21 22:59:00 kind-worker2 containerd[96]: time="2022-06-21T22:59:00.560242623Z" level=warning msg="could not use snapshotter devmapper in metadata plugin" error="devmapper not configured"
Jun 21 22:59:00 kind-worker2 containerd[96]: time="2022-06-21T22:59:00.560301201Z" level=info msg="metadata content store policy set" policy=shared
Jun 21 22:59:00 kind-worker2 containerd[96]: time="2022-06-21T22:59:00.560451533Z" level=info msg="loading plugin \"io.containerd.differ.v1.walking\"..." type=io.containerd.differ.v1
Jun 21 22:59:00 kind-worker2 containerd[96]: time="2022-06-21T22:59:00.560523353Z" level=info msg="loading plugin \"io.containerd.event.v1.exchange\"..." type=io.containerd.event.v1
Jun 21 22:59:00 kind-worker2 containerd[96]: time="2022-06-21T22:59:00.560585630Z" level=info msg="loading plugin \"io.containerd.gc.v1.scheduler\"..." type=io.containerd.gc.v1
Jun 21 22:59:00 kind-worker2 containerd[96]: time="2022-06-21T22:59:00.560654547Z" level=info msg="loading plugin \"io.containerd.service.v1.introspection-service\"..." type=io.containerd.service.v1
Jun 21 22:59:00 kind-worker2 containerd[96]: time="2022-06-21T22:59:00.563084905Z" level=info msg="loading plugin \"io.containerd.service.v1.containers-service\"..." type=io.containerd.service.v1
Jun 21 22:59:00 kind-worker2 containerd[96]: time="2022-06-21T22:59:00.563393921Z" level=info msg="loading plugin \"io.containerd.service.v1.content-service\"..." type=io.containerd.service.v1
Jun 21 22:59:00 kind-worker2 containerd[96]: time="2022-06-21T22:59:00.563468028Z" level=info msg="loading plugin \"io.containerd.service.v1.diff-service\"..." type=io.containerd.service.v1
Jun 21 22:59:00 kind-worker2 containerd[96]: time="2022-06-21T22:59:00.563531849Z" level=info msg="loading plugin \"io.containerd.service.v1.images-service\"..." type=io.containerd.service.v1
Jun 21 22:59:00 kind-worker2 containerd[96]: time="2022-06-21T22:59:00.563593292Z" level=info msg="loading plugin \"io.containerd.service.v1.leases-service\"..." type=io.containerd.service.v1
Jun 21 22:59:00 kind-worker2 containerd[96]: time="2022-06-21T22:59:00.563660656Z" level=info msg="loading plugin \"io.containerd.service.v1.namespaces-service\"..." type=io.containerd.service.v1
Jun 21 22:59:00 kind-worker2 containerd[96]: time="2022-06-21T22:59:00.563718390Z" level=info msg="loading plugin \"io.containerd.service.v1.snapshots-service\"..." type=io.containerd.service.v1
Jun 21 22:59:00 kind-worker2 containerd[96]: time="2022-06-21T22:59:00.563775421Z" level=info msg="loading plugin \"io.containerd.runtime.v1.linux\"..." type=io.containerd.runtime.v1
Jun 21 22:59:00 kind-worker2 containerd[96]: time="2022-06-21T22:59:00.563882522Z" level=info msg="loading plugin \"io.containerd.runtime.v2.task\"..." type=io.containerd.runtime.v2
Jun 21 22:59:00 kind-worker2 containerd[96]: time="2022-06-21T22:59:00.565693681Z" level=info msg="loading plugin \"io.containerd.monitor.v1.cgroups\"..." type=io.containerd.monitor.v1
Jun 21 22:59:00 kind-worker2 containerd[96]: time="2022-06-21T22:59:00.566177786Z" level=info msg="loading plugin \"io.containerd.service.v1.tasks-service\"..." type=io.containerd.service.v1
Jun 21 22:59:00 kind-worker2 containerd[96]: time="2022-06-21T22:59:00.566317025Z" level=info msg="loading plugin \"io.containerd.grpc.v1.introspection\"..." type=io.containerd.grpc.v1
Jun 21 22:59:00 kind-worker2 containerd[96]: time="2022-06-21T22:59:00.566416915Z" level=info msg="loading plugin \"io.containerd.internal.v1.restart\"..." type=io.containerd.internal.v1
Jun 21 22:59:00 kind-worker2 containerd[96]: time="2022-06-21T22:59:00.566616977Z" level=info msg="loading plugin \"io.containerd.grpc.v1.containers\"..." type=io.containerd.grpc.v1
Jun 21 22:59:00 kind-worker2 containerd[96]: time="2022-06-21T22:59:00.566722927Z" level=info msg="loading plugin \"io.containerd.grpc.v1.content\"..." type=io.containerd.grpc.v1
Jun 21 22:59:00 kind-worker2 containerd[96]: time="2022-06-21T22:59:00.566799942Z" level=info msg="loading plugin \"io.containerd.grpc.v1.diff\"..." type=io.containerd.grpc.v1
Jun 21 22:59:00 kind-worker2 containerd[96]: time="2022-06-21T22:59:00.569051192Z" level=info msg="loading plugin \"io.containerd.grpc.v1.events\"..." type=io.containerd.grpc.v1
Jun 21 22:59:00 kind-worker2 containerd[96]: time="2022-06-21T22:59:00.569169396Z" level=info msg="loading plugin \"io.containerd.grpc.v1.healthcheck\"..." type=io.containerd.grpc.v1
Jun 21 22:59:00 kind-worker2 containerd[96]: time="2022-06-21T22:59:00.569245488Z" level=info msg="loading plugin \"io.containerd.grpc.v1.images\"..." type=io.containerd.grpc.v1
Jun 21 22:59:00 kind-worker2 containerd[96]: time="2022-06-21T22:59:00.569746528Z" level=info msg="loading plugin \"io.containerd.grpc.v1.leases\"..." type=io.containerd.grpc.v1
Jun 21 22:59:00 kind-worker2 containerd[96]: time="2022-06-21T22:59:00.569918597Z" level=info msg="loading plugin \"io.containerd.grpc.v1.namespaces\"..." type=io.containerd.grpc.v1
Jun 21 22:59:00 kind-worker2 containerd[96]: time="2022-06-21T22:59:00.570003702Z" level=info msg="loading plugin \"io.containerd.internal.v1.opt\"..." type=io.containerd.internal.v1
Jun 21 22:59:00 kind-worker2 containerd[96]: time="2022-06-21T22:59:00.570148564Z" level=info msg="loading plugin \"io.containerd.grpc.v1.snapshots\"..." type=io.containerd.grpc.v1
Jun 21 22:59:00 kind-worker2 containerd[96]: time="2022-06-21T22:59:00.570225789Z" level=info msg="loading plugin \"io.containerd.grpc.v1.tasks\"..." type=io.containerd.grpc.v1
Jun 21 22:59:00 kind-worker2 containerd[96]: time="2022-06-21T22:59:00.570292645Z" level=info msg="loading plugin \"io.containerd.grpc.v1.version\"..." type=io.containerd.grpc.v1
Jun 21 22:59:00 kind-worker2 containerd[96]: time="2022-06-21T22:59:00.570348782Z" level=info msg="loading plugin \"io.containerd.tracing.processor.v1.otlp\"..." type=io.containerd.tracing.processor.v1
Jun 21 22:59:00 kind-worker2 containerd[96]: time="2022-06-21T22:59:00.570424012Z" level=info msg="skip loading plugin \"io.containerd.tracing.processor.v1.otlp\"..." error="no OpenTelemetry endpoint: skip plugin" type=io.containerd.tracing.processor.v1
Jun 21 22:59:00 kind-worker2 containerd[96]: time="2022-06-21T22:59:00.572668027Z" level=info msg="loading plugin \"io.containerd.internal.v1.tracing\"..." type=io.containerd.internal.v1
Jun 21 22:59:00 kind-worker2 containerd[96]: time="2022-06-21T22:59:00.573573792Z" level=error msg="failed to initialize a tracing processor \"otlp\"" error="no OpenTelemetry endpoint: skip plugin"
Jun 21 22:59:00 kind-worker2 containerd[96]: time="2022-06-21T22:59:00.578398214Z" level=info msg="loading plugin \"io.containerd.grpc.v1.cri\"..." type=io.containerd.grpc.v1
Jun 21 22:59:00 kind-worker2 containerd[96]: time="2022-06-21T22:59:00.578712533Z" level=warning msg="`mirrors` is deprecated, please use `config_path` instead"
Jun 21 22:59:00 kind-worker2 containerd[96]: time="2022-06-21T22:59:00.578847858Z" level=info msg="Start cri plugin with config {PluginConfig:{ContainerdConfig:{Snapshotter:overlayfs DefaultRuntimeName:runc DefaultRuntime:{Type: Path: Engine: PodAnnotations:[] ContainerAnnotations:[] Root: Options:map[] PrivilegedWithoutHostDevices:false BaseRuntimeSpec: NetworkPluginConfDir: NetworkPluginMaxConfNum:0} UntrustedWorkloadRuntime:{Type: Path: Engine: PodAnnotations:[] ContainerAnnotations:[] Root: Options:map[] PrivilegedWithoutHostDevices:false BaseRuntimeSpec: NetworkPluginConfDir: NetworkPluginMaxConfNum:0} Runtimes:map[runc:{Type:io.containerd.runc.v2 Path: Engine: PodAnnotations:[] ContainerAnnotations:[] Root: Options:map[SystemdCgroup:true] PrivilegedWithoutHostDevices:false BaseRuntimeSpec:/etc/containerd/cri-base.json NetworkPluginConfDir: NetworkPluginMaxConfNum:0} test-handler:{Type:io.containerd.runc.v2 Path: Engine: PodAnnotations:[] ContainerAnnotations:[] Root: Options:map[SystemdCgroup:true] PrivilegedWithoutHostDevices:false BaseRuntimeSpec:/etc/containerd/cri-base.json NetworkPluginConfDir: NetworkPluginMaxConfNum:0}] NoPivot:false DisableSnapshotAnnotations:true DiscardUnpackedLayers:true IgnoreRdtNotEnabledErrors:false} CniConfig:{NetworkPluginBinDir:/opt/cni/bin NetworkPluginConfDir:/etc/cni/net.d NetworkPluginMaxConfNum:1 NetworkPluginConfTemplate: IPPreference:} Registry:{ConfigPath: Mirrors:map[k8s.gcr.io:{Endpoints:[https://registry.k8s.io https://k8s.gcr.io]}] Configs:map[] Auths:map[] Headers:map[]} ImageDecryption:{KeyModel:node} DisableTCPService:true StreamServerAddress:127.0.0.1 StreamServerPort:0 StreamIdleTimeout:4h0m0s EnableSelinux:false SelinuxCategoryRange:1024 SandboxImage:k8s.gcr.io/pause:3.6 StatsCollectPeriod:10 SystemdCgroup:false EnableTLSStreaming:false X509KeyPairStreaming:{TLSCertFile: TLSKeyFile:} MaxContainerLogLineSize:16384 DisableCgroup:false DisableApparmor:false RestrictOOMScoreAdj:false MaxConcurrentDownloads:3 DisableProcMount:false UnsetSeccompProfile: TolerateMissingHugetlbController:true DisableHugetlbController:true DeviceOwnershipFromSecurityContext:false IgnoreImageDefinedVolumes:false NetNSMountsUnderStateDir:false EnableUnprivilegedPorts:false EnableUnprivilegedICMP:false} ContainerdRootDir:/var/lib/containerd ContainerdEndpoint:/run/containerd/containerd.sock RootDir:/var/lib/containerd/io.containerd.grpc.v1.cri StateDir:/run/containerd/io.containerd.grpc.v1.cri}"
Jun 21 22:59:00 kind-worker2 containerd[96]: time="2022-06-21T22:59:00.579026930Z" level=info msg="Connect containerd service"
Jun 21 22:59:00 kind-worker2 containerd[96]: time="2022-06-21T22:59:00.579117616Z" level=info msg="Get image filesystem path \"/var/lib/containerd/io.containerd.snapshotter.v1.overlayfs\""
Jun 21 22:59:00 kind-worker2 containerd[96]: time="2022-06-21T22:59:00.579603667Z" level=error msg="failed to load cni during init, please check CRI plugin status before setting up network for pods" error="cni config load failed: no network config found in /etc/cni/net.d: cni plugin not initialized: failed to load cni config"
Jun 21 22:59:00 kind-worker2 containerd[96]: time="2022-06-21T22:59:00.580870155Z" level=info msg=serving... address=/run/containerd/containerd.sock.ttrpc
Jun 21 22:59:00 kind-worker2 containerd[96]: time="2022-06-21T22:59:00.581078441Z" level=info msg=serving... address=/run/containerd/containerd.sock
Jun 21 22:59:00 kind-worker2 containerd[96]: time="2022-06-21T22:59:00.581516417Z" level=info msg="containerd successfully booted in 0.287853s"
Jun 21 22:59:00 kind-worker2 containerd[96]: time="2022-06-21T22:59:00.586310172Z" level=info msg="Start subscribing containerd event"
Jun 21 22:59:00 kind-worker2 containerd[96]: time="2022-06-21T22:59:00.586516659Z" level=info msg="Start recovering state"
Jun 21 22:59:00 kind-worker2 containerd[96]: time="2022-06-21T22:59:00.628696849Z" level=warning msg="The image docker.io/kindest/kindnetd:v20220510-4929dd75 is not unpacked."
Jun 21 22:59:00 kind-worker2 containerd[96]: time="2022-06-21T22:59:00.682532413Z" level=warning msg="The image docker.io/kindest/local-path-helper:v20220512-507ff70b is not unpacked."
Jun 21 22:59:00 kind-worker2 containerd[96]: time="2022-06-21T22:59:00.721074589Z" level=warning msg="The image docker.io/kindest/local-path-provisioner:v0.0.22-kind.0 is not unpacked."
Jun 21 22:59:00 kind-worker2 containerd[96]: time="2022-06-21T22:59:00.726648779Z" level=warning msg="The image import-2022-05-19@sha256:289df0671b753c90e6b717b92ada9af9bcb48678d59affc8cc27eef4f01e9251 is not unpacked."
Jun 21 22:59:00 kind-worker2 containerd[96]: time="2022-06-21T22:59:00.728812481Z" level=warning msg="The image import-2022-05-19@sha256:5611470386fb81d6d169bb37667ae1f9fa884631b265b54d8d9601d9338aad18 is not unpacked."
Jun 21 22:59:00 kind-worker2 containerd[96]: time="2022-06-21T22:59:00.762988381Z" level=warning msg="The image import-2022-05-19@sha256:654122cbd980cb4a8417347b8c84ecdbc81a735d3d01409bec6f37ef293511ca is not unpacked."
Jun 21 22:59:00 kind-worker2 containerd[96]: time="2022-06-21T22:59:00.777546375Z" level=warning msg="The image import-2022-05-19@sha256:948ca7c1da4b6108193f4dae34f2e94cfdaa901ab8876ba4009cc024673d2af4 is not unpacked."
Jun 21 22:59:00 kind-worker2 containerd[96]: time="2022-06-21T22:59:00.804456423Z" level=warning msg="The image k8s.gcr.io/coredns/coredns:v1.8.6 is not unpacked."
Jun 21 22:59:00 kind-worker2 containerd[96]: time="2022-06-21T22:59:00.827928521Z" level=warning msg="The image k8s.gcr.io/etcd:3.5.3-0 is not unpacked."
Jun 21 22:59:00 kind-worker2 containerd[96]: time="2022-06-21T22:59:00.845253831Z" level=warning msg="The image k8s.gcr.io/kube-apiserver:v1.24.0 is not unpacked."
Jun 21 22:59:00 kind-worker2 containerd[96]: time="2022-06-21T22:59:00.846077404Z" level=warning msg="The image k8s.gcr.io/kube-controller-manager:v1.24.0 is not unpacked."
Jun 21 22:59:00 kind-worker2 containerd[96]: time="2022-06-21T22:59:00.846801268Z" level=warning msg="The image k8s.gcr.io/kube-proxy:v1.24.0 is not unpacked."
Jun 21 22:59:00 kind-worker2 containerd[96]: time="2022-06-21T22:59:00.854749005Z" level=warning msg="The image k8s.gcr.io/kube-scheduler:v1.24.0 is not unpacked."
Jun 21 22:59:00 kind-worker2 containerd[96]: time="2022-06-21T22:59:00.861825877Z" level=warning msg="The image k8s.gcr.io/pause:3.6 is not unpacked."
Jun 21 22:59:00 kind-worker2 containerd[96]: time="2022-06-21T22:59:00.916880209Z" level=warning msg="The image sha256:41f5241e3396e516b754fd924d12444525720850c86aeac1b4bfd33616233b91 is not unpacked."
Jun 21 22:59:00 kind-worker2 containerd[96]: time="2022-06-21T22:59:00.917752345Z" level=warning msg="The image sha256:4c1e997385b8fb4ad4d1d3c7e5af7ff3f882e94d07cf5b78de9e889bc60830e6 is not unpacked."
Jun 21 22:59:00 kind-worker2 containerd[96]: time="2022-06-21T22:59:00.945415379Z" level=warning msg="The image sha256:6270bb605e12e581514ada5fd5b3216f727db55dc87d5889c790e4c760683fee is not unpacked."
Jun 21 22:59:00 kind-worker2 containerd[96]: time="2022-06-21T22:59:00.946885538Z" level=warning msg="The image sha256:64623e9d887d3ee33e56df43874531bf48391818f508505f21d6a5c5e4fa0da7 is not unpacked."
Jun 21 22:59:00 kind-worker2 containerd[96]: time="2022-06-21T22:59:00.948119709Z" level=warning msg="The image sha256:6960c0e47829dde050fa5a480f69ccca6bfbbdd1bab831aeed9040671b9dc30c is not unpacked."
Jun 21 22:59:00 kind-worker2 containerd[96]: time="2022-06-21T22:59:00.950718847Z" level=warning msg="The image sha256:6fb66cd78abfe9e0735a9a751f2586b7984e0d279e87fa8dd175781de6595627 is not unpacked."
Jun 21 22:59:00 kind-worker2 containerd[96]: time="2022-06-21T22:59:00.951674129Z" level=warning msg="The image sha256:9ef4b1de3be49aa0aa77d434a3c38e35c67c007b92a1c522825a46fc579ac998 is not unpacked."
Jun 21 22:59:00 kind-worker2 containerd[96]: time="2022-06-21T22:59:00.980345364Z" level=warning msg="The image sha256:a4ca41631cc7ac19ce1be3ebf0314ac5f47af7c711f17066006db82ee3b75b03 is not unpacked."
Jun 21 22:59:01 kind-worker2 containerd[96]: time="2022-06-21T22:59:01.008701500Z" level=warning msg="The image sha256:aebe758cef4cd05b9f8cee39758227714d02f42ef3088023c1e3cd454f927a2b is not unpacked."
Jun 21 22:59:01 kind-worker2 containerd[96]: time="2022-06-21T22:59:01.009816207Z" level=warning msg="The image sha256:efa8a439d146031cd20318ad4cb2eb712a2d638d503420212158ee737805e95a is not unpacked."
Jun 21 22:59:01 kind-worker2 containerd[96]: time="2022-06-21T22:59:01.010842143Z" level=info msg="Start event monitor"
Jun 21 22:59:01 kind-worker2 containerd[96]: time="2022-06-21T22:59:01.010869726Z" level=info msg="Start snapshots syncer"
Jun 21 22:59:01 kind-worker2 containerd[96]: time="2022-06-21T22:59:01.010881005Z" level=info msg="Start cni network conf syncer for default"
Jun 21 22:59:01 kind-worker2 containerd[96]: time="2022-06-21T22:59:01.010888809Z" level=info msg="Start streaming server"
Jun 21 23:01:24 kind-worker2 containerd[96]: time="2022-06-21T23:01:24.208491836Z" level=info msg="No cni config template is specified, wait for other system components to drop the config."
Jun 21 23:01:26 kind-worker2 containerd[96]: time="2022-06-21T23:01:26.020323474Z" level=info msg="RunPodSandbox for &PodSandboxMetadata{Name:kindnet-dqvj8,Uid:7e172d63-6333-4488-a2db-0f4fa73b684b,Namespace:kube-system,Attempt:0,}"
Jun 21 23:01:26 kind-worker2 containerd[96]: time="2022-06-21T23:01:26.869759725Z" level=info msg="loading plugin \"io.containerd.event.v1.publisher\"..." runtime=io.containerd.runc.v2 type=io.containerd.event.v1
Jun 21 23:01:26 kind-worker2 containerd[96]: time="2022-06-21T23:01:26.869883793Z" level=info msg="loading plugin \"io.containerd.internal.v1.shutdown\"..." runtime=io.containerd.runc.v2 type=io.containerd.internal.v1
Jun 21 23:01:26 kind-worker2 containerd[96]: time="2022-06-21T23:01:26.869907154Z" level=info msg="loading plugin \"io.containerd.ttrpc.v1.task\"..." runtime=io.containerd.runc.v2 type=io.containerd.ttrpc.v1
Jun 21 23:01:26 kind-worker2 containerd[96]: time="2022-06-21T23:01:26.898981011Z" level=info msg="starting signal loop" namespace=k8s.io path=/run/containerd/io.containerd.runtime.v2.task/k8s.io/698d8bb29b4338f3cb611f82980b625fca9532731cb8d2a6d8fedfe9708cf51d pid=281 runtime=io.containerd.runc.v2
Jun 21 23:01:29 kind-worker2 containerd[96]: time="2022-06-21T23:01:29.155514660Z" level=info msg="RunPodSandbox for &PodSandboxMetadata{Name:kindnet-dqvj8,Uid:7e172d63-6333-4488-a2db-0f4fa73b684b,Namespace:kube-system,Attempt:0,} returns sandbox id \"698d8bb29b4338f3cb611f82980b625fca9532731cb8d2a6d8fedfe9708cf51d\""
Jun 21 23:01:29 kind-worker2 containerd[96]: time="2022-06-21T23:01:29.374659498Z" level=info msg="RunPodSandbox for &PodSandboxMetadata{Name:kube-proxy-zbwmd,Uid:f8d760b6-dc9b-4863-9451-0d2f6dfe0746,Namespace:kube-system,Attempt:0,}"
Jun 21 23:01:29 kind-worker2 containerd[96]: time="2022-06-21T23:01:29.533333624Z" level=info msg="loading plugin \"io.containerd.event.v1.publisher\"..." runtime=io.containerd.runc.v2 type=io.containerd.event.v1
Jun 21 23:01:29 kind-worker2 containerd[96]: time="2022-06-21T23:01:29.533514640Z" level=info msg="loading plugin \"io.containerd.internal.v1.shutdown\"..." runtime=io.containerd.runc.v2 type=io.containerd.internal.v1
Jun 21 23:01:29 kind-worker2 containerd[96]: time="2022-06-21T23:01:29.533547878Z" level=info msg="loading plugin \"io.containerd.ttrpc.v1.task\"..." runtime=io.containerd.runc.v2 type=io.containerd.ttrpc.v1
Jun 21 23:01:29 kind-worker2 containerd[96]: time="2022-06-21T23:01:29.534051847Z" level=info msg="starting signal loop" namespace=k8s.io path=/run/containerd/io.containerd.runtime.v2.task/k8s.io/da81c6b99ccabf83c98d6072f4a588723a332062c98679eccfecfd65ec35f3b4 pid=323 runtime=io.containerd.runc.v2
Jun 21 23:01:30 kind-worker2 containerd[96]: time="2022-06-21T23:01:30.165345628Z" level=info msg="RunPodSandbox for &PodSandboxMetadata{Name:kube-proxy-zbwmd,Uid:f8d760b6-dc9b-4863-9451-0d2f6dfe0746,Namespace:kube-system,Attempt:0,} returns sandbox id \"da81c6b99ccabf83c98d6072f4a588723a332062c98679eccfecfd65ec35f3b4\""
Jun 21 23:01:41 kind-worker2 containerd[96]: time="2022-06-21T23:01:41.079633736Z" level=info msg="CreateContainer within sandbox \"698d8bb29b4338f3cb611f82980b625fca9532731cb8d2a6d8fedfe9708cf51d\" for container &ContainerMetadata{Name:kindnet-cni,Attempt:0,}"
Jun 21 23:01:45 kind-worker2 containerd[96]: time="2022-06-21T23:01:45.099544421Z" level=info msg="CreateContainer within sandbox \"da81c6b99ccabf83c98d6072f4a588723a332062c98679eccfecfd65ec35f3b4\" for container &ContainerMetadata{Name:kube-proxy,Attempt:0,}"
Jun 21 23:02:15 kind-worker2 containerd[96]: time="2022-06-21T23:02:15.758167365Z" level=info msg="CreateContainer within sandbox \"da81c6b99ccabf83c98d6072f4a588723a332062c98679eccfecfd65ec35f3b4\" for &ContainerMetadata{Name:kube-proxy,Attempt:0,} returns container id \"8ee2a4e5bd8cdfe9834c94bde508526dc78b3fa962167b8677ff7d6eb4014c3c\""
Jun 21 23:02:15 kind-worker2 containerd[96]: time="2022-06-21T23:02:15.769034565Z" level=info msg="StartContainer for \"8ee2a4e5bd8cdfe9834c94bde508526dc78b3fa962167b8677ff7d6eb4014c3c\""
Jun 21 23:02:16 kind-worker2 containerd[96]: time="2022-06-21T23:02:16.680742815Z" level=info msg="StartContainer for \"8ee2a4e5bd8cdfe9834c94bde508526dc78b3fa962167b8677ff7d6eb4014c3c\" returns successfully"
Jun 21 23:02:18 kind-worker2 containerd[96]: time="2022-06-21T23:02:17.998077884Z" level=info msg="CreateContainer within sandbox \"698d8bb29b4338f3cb611f82980b625fca9532731cb8d2a6d8fedfe9708cf51d\" for &ContainerMetadata{Name:kindnet-cni,Attempt:0,} returns container id \"e588362e500893627879881ad16712f54f901dfe868b0437446f1afb88a94aff\""
Jun 21 23:02:18 kind-worker2 containerd[96]: time="2022-06-21T23:02:18.003904995Z" level=info msg="StartContainer for \"e588362e500893627879881ad16712f54f901dfe868b0437446f1afb88a94aff\""
Jun 21 23:02:19 kind-worker2 containerd[96]: time="2022-06-21T23:02:19.117610940Z" level=info msg="StartContainer for \"e588362e500893627879881ad16712f54f901dfe868b0437446f1afb88a94aff\" returns successfully"
Jun 21 23:02:20 kind-worker2 containerd[96]: time="2022-06-21T23:02:20.094334721Z" level=error msg="failed to reload cni configuration after receiving fs change event(\"/etc/cni/net.d/10-kindnet.conflist.temp\": WRITE)" error="cni config load failed: no network config found in /etc/cni/net.d: cni plugin not initialized: failed to load cni config"
Jun 21 23:02:20 kind-worker2 containerd[96]: time="2022-06-21T23:02:20.096523235Z" level=error msg="failed to reload cni configuration after receiving fs change event(\"/etc/cni/net.d/10-kindnet.conflist.temp\": WRITE)" error="cni config load failed: no network config found in /etc/cni/net.d: cni plugin not initialized: failed to load cni config"
Jun 21 23:02:20 kind-worker2 containerd[96]: time="2022-06-21T23:02:20.096762569Z" level=error msg="failed to reload cni configuration after receiving fs change event(\"/etc/cni/net.d/10-kindnet.conflist.temp\": WRITE)" error="cni config load failed: no network config found in /etc/cni/net.d: cni plugin not initialized: failed to load cni config"
