2022-06-21T23:02:22.714347215Z stderr F I0621 23:02:22.713961       1 serving.go:348] Generated self-signed cert in-memory
2022-06-21T23:02:24.132178178Z stderr F I0621 23:02:24.131939       1 controllermanager.go:180] Version: v1.24.0
2022-06-21T23:02:24.132227182Z stderr F I0621 23:02:24.132087       1 controllermanager.go:182] "Golang settings" GOGC="" GOMAXPROCS="" GOTRACEBACK=""
2022-06-21T23:02:24.136613178Z stderr F I0621 23:02:24.136458       1 secure_serving.go:210] Serving securely on 127.0.0.1:10257
2022-06-21T23:02:24.139312129Z stderr F I0621 23:02:24.139006       1 dynamic_cafile_content.go:157] "Starting controller" name="request-header::/etc/kubernetes/pki/front-proxy-ca.crt"
2022-06-21T23:02:24.139716495Z stderr F I0621 23:02:24.139473       1 tlsconfig.go:240] "Starting DynamicServingCertificateController"
2022-06-21T23:02:24.140230222Z stderr F I0621 23:02:24.140116       1 leaderelection.go:248] attempting to acquire leader lease kube-system/kube-controller-manager...
2022-06-21T23:02:24.141472044Z stderr F I0621 23:02:24.141309       1 dynamic_cafile_content.go:157] "Starting controller" name="client-ca-bundle::/etc/kubernetes/pki/ca.crt"
2022-06-21T23:02:41.29260237Z stderr F I0621 23:02:41.286425       1 leaderelection.go:258] successfully acquired lease kube-system/kube-controller-manager
2022-06-21T23:02:41.295624521Z stderr F I0621 23:02:41.295316       1 event.go:294] "Event occurred" object="kube-system/kube-controller-manager" fieldPath="" kind="Lease" apiVersion="coordination.k8s.io/v1" type="Normal" reason="LeaderElection" message="kind-control-plane_907d5927-18af-43cc-b46e-0f97bfecce04 became leader"
2022-06-21T23:02:41.465002106Z stderr F I0621 23:02:41.464326       1 shared_informer.go:255] Waiting for caches to sync for tokens
2022-06-21T23:02:41.492297872Z stderr F I0621 23:02:41.492013       1 controllermanager.go:593] Started "endpointslice"
2022-06-21T23:02:41.492910154Z stderr F I0621 23:02:41.492737       1 endpointslice_controller.go:257] Starting endpoint slice controller
2022-06-21T23:02:41.49292975Z stderr F I0621 23:02:41.492782       1 shared_informer.go:255] Waiting for caches to sync for endpoint_slice
2022-06-21T23:02:41.505606659Z stderr F I0621 23:02:41.505265       1 controllermanager.go:593] Started "job"
2022-06-21T23:02:41.506375243Z stderr F I0621 23:02:41.505752       1 job_controller.go:184] Starting job controller
2022-06-21T23:02:41.506401899Z stderr F I0621 23:02:41.505989       1 shared_informer.go:255] Waiting for caches to sync for job
2022-06-21T23:02:41.519514019Z stderr F I0621 23:02:41.519030       1 controllermanager.go:593] Started "disruption"
2022-06-21T23:02:41.519696379Z stderr F I0621 23:02:41.519563       1 disruption.go:363] Starting disruption controller
2022-06-21T23:02:41.519707484Z stderr F I0621 23:02:41.519649       1 shared_informer.go:255] Waiting for caches to sync for disruption
2022-06-21T23:02:41.5299345Z stderr F I0621 23:02:41.529150       1 certificate_controller.go:119] Starting certificate controller "csrsigning-kubelet-serving"
2022-06-21T23:02:41.530102114Z stderr F I0621 23:02:41.529241       1 shared_informer.go:255] Waiting for caches to sync for certificate-csrsigning-kubelet-serving
2022-06-21T23:02:41.530119109Z stderr F I0621 23:02:41.529301       1 dynamic_serving_content.go:132] "Starting controller" name="csr-controller::/etc/kubernetes/pki/ca.crt::/etc/kubernetes/pki/ca.key"
2022-06-21T23:02:41.537271544Z stderr F I0621 23:02:41.536926       1 certificate_controller.go:119] Starting certificate controller "csrsigning-kubelet-client"
2022-06-21T23:02:41.537668236Z stderr F I0621 23:02:41.537515       1 shared_informer.go:255] Waiting for caches to sync for certificate-csrsigning-kubelet-client
2022-06-21T23:02:41.537916708Z stderr F I0621 23:02:41.537705       1 dynamic_serving_content.go:132] "Starting controller" name="csr-controller::/etc/kubernetes/pki/ca.crt::/etc/kubernetes/pki/ca.key"
2022-06-21T23:02:41.540163968Z stderr F I0621 23:02:41.539562       1 controllermanager.go:593] Started "csrsigning"
2022-06-21T23:02:41.540780092Z stderr F I0621 23:02:41.540652       1 certificate_controller.go:119] Starting certificate controller "csrsigning-kube-apiserver-client"
2022-06-21T23:02:41.540894908Z stderr F I0621 23:02:41.540744       1 shared_informer.go:255] Waiting for caches to sync for certificate-csrsigning-kube-apiserver-client
2022-06-21T23:02:41.54103585Z stderr F I0621 23:02:41.540801       1 certificate_controller.go:119] Starting certificate controller "csrsigning-legacy-unknown"
2022-06-21T23:02:41.541044701Z stderr F I0621 23:02:41.540821       1 shared_informer.go:255] Waiting for caches to sync for certificate-csrsigning-legacy-unknown
2022-06-21T23:02:41.541051748Z stderr F I0621 23:02:41.540864       1 dynamic_serving_content.go:132] "Starting controller" name="csr-controller::/etc/kubernetes/pki/ca.crt::/etc/kubernetes/pki/ca.key"
2022-06-21T23:02:41.54173707Z stderr F I0621 23:02:41.541590       1 dynamic_serving_content.go:132] "Starting controller" name="csr-controller::/etc/kubernetes/pki/ca.crt::/etc/kubernetes/pki/ca.key"
2022-06-21T23:02:41.549773383Z stderr F I0621 23:02:41.548750       1 controllermanager.go:593] Started "tokencleaner"
2022-06-21T23:02:41.549874349Z stderr F W0621 23:02:41.548845       1 core.go:225] configure-cloud-routes is set, but no cloud provider specified. Will not configure cloud provider routes.
2022-06-21T23:02:41.549889671Z stderr F W0621 23:02:41.548860       1 controllermanager.go:571] Skipping "route"
2022-06-21T23:02:41.552276021Z stderr F I0621 23:02:41.551590       1 tokencleaner.go:118] Starting token cleaner controller
2022-06-21T23:02:41.55232502Z stderr F I0621 23:02:41.551816       1 shared_informer.go:255] Waiting for caches to sync for token_cleaner
2022-06-21T23:02:41.552334866Z stderr F I0621 23:02:41.551846       1 shared_informer.go:262] Caches are synced for token_cleaner
2022-06-21T23:02:41.559072531Z stderr F I0621 23:02:41.558843       1 controllermanager.go:593] Started "pv-protection"
2022-06-21T23:02:41.560592517Z stderr F I0621 23:02:41.560400       1 pv_protection_controller.go:79] Starting PV protection controller
2022-06-21T23:02:41.560643379Z stderr F I0621 23:02:41.560502       1 shared_informer.go:255] Waiting for caches to sync for PV protection
2022-06-21T23:02:41.568059366Z stderr F I0621 23:02:41.567776       1 controllermanager.go:593] Started "ephemeral-volume"
2022-06-21T23:02:41.568756639Z stderr F I0621 23:02:41.568345       1 controller.go:170] Starting ephemeral volume controller
2022-06-21T23:02:41.571399702Z stderr F I0621 23:02:41.571062       1 shared_informer.go:255] Waiting for caches to sync for ephemeral
2022-06-21T23:02:41.571720169Z stderr F I0621 23:02:41.571514       1 shared_informer.go:262] Caches are synced for tokens
2022-06-21T23:02:41.577400003Z stderr F I0621 23:02:41.577091       1 controllermanager.go:593] Started "daemonset"
2022-06-21T23:02:41.578015119Z stderr F I0621 23:02:41.577534       1 daemon_controller.go:284] Starting daemon sets controller
2022-06-21T23:02:41.578031455Z stderr F I0621 23:02:41.577830       1 shared_informer.go:255] Waiting for caches to sync for daemon sets
2022-06-21T23:02:41.587927204Z stderr F I0621 23:02:41.587344       1 controllermanager.go:593] Started "persistentvolume-binder"
2022-06-21T23:02:41.588432721Z stderr F I0621 23:02:41.587388       1 pv_controller_base.go:311] Starting persistent volume controller
2022-06-21T23:02:41.58849414Z stderr F I0621 23:02:41.588272       1 shared_informer.go:255] Waiting for caches to sync for persistent volume
2022-06-21T23:02:41.595344341Z stderr F I0621 23:02:41.595205       1 controllermanager.go:593] Started "persistentvolume-expander"
2022-06-21T23:02:41.596414962Z stderr F I0621 23:02:41.596016       1 expand_controller.go:341] Starting expand controller
2022-06-21T23:02:41.596442656Z stderr F I0621 23:02:41.596202       1 shared_informer.go:255] Waiting for caches to sync for expand
2022-06-21T23:02:41.630600287Z stderr F I0621 23:02:41.630361       1 garbagecollector.go:149] Starting garbage collector controller
2022-06-21T23:02:41.630657356Z stderr F I0621 23:02:41.630535       1 shared_informer.go:255] Waiting for caches to sync for garbage collector
2022-06-21T23:02:41.631048748Z stderr F I0621 23:02:41.630753       1 graph_builder.go:289] GraphBuilder running
2022-06-21T23:02:41.631500697Z stderr F I0621 23:02:41.630979       1 controllermanager.go:593] Started "garbagecollector"
2022-06-21T23:02:41.646531904Z stderr F I0621 23:02:41.646112       1 controllermanager.go:593] Started "deployment"
2022-06-21T23:02:41.648072361Z stderr F I0621 23:02:41.647801       1 deployment_controller.go:153] "Starting controller" controller="deployment"
2022-06-21T23:02:41.64811495Z stderr F I0621 23:02:41.647877       1 shared_informer.go:255] Waiting for caches to sync for deployment
2022-06-21T23:02:41.658750345Z stderr F I0621 23:02:41.658326       1 controllermanager.go:593] Started "cronjob"
2022-06-21T23:02:41.66061393Z stderr F I0621 23:02:41.660271       1 cronjob_controllerv2.go:135] "Starting cronjob controller v2"
2022-06-21T23:02:41.660652601Z stderr F I0621 23:02:41.660410       1 shared_informer.go:255] Waiting for caches to sync for cronjob
2022-06-21T23:02:41.675049583Z stderr F I0621 23:02:41.674858       1 controllermanager.go:593] Started "csrapproving"
2022-06-21T23:02:41.675927602Z stderr F I0621 23:02:41.675576       1 certificate_controller.go:119] Starting certificate controller "csrapproving"
2022-06-21T23:02:41.675957018Z stderr F I0621 23:02:41.675679       1 shared_informer.go:255] Waiting for caches to sync for certificate-csrapproving
2022-06-21T23:02:41.684613129Z stderr F I0621 23:02:41.684191       1 controllermanager.go:593] Started "csrcleaner"
2022-06-21T23:02:41.686032517Z stderr F I0621 23:02:41.685738       1 cleaner.go:82] Starting CSR cleaner controller
2022-06-21T23:02:41.698761401Z stderr F I0621 23:02:41.698210       1 node_lifecycle_controller.go:377] Sending events to api server.
2022-06-21T23:02:41.699948993Z stderr F I0621 23:02:41.699733       1 taint_manager.go:163] "Sending events to api server"
2022-06-21T23:02:41.700178076Z stderr F I0621 23:02:41.700032       1 node_lifecycle_controller.go:505] Controller will reconcile labels.
2022-06-21T23:02:41.700225843Z stderr F I0621 23:02:41.700106       1 controllermanager.go:593] Started "nodelifecycle"
2022-06-21T23:02:41.700498966Z stderr F I0621 23:02:41.700401       1 node_lifecycle_controller.go:539] Starting node controller
2022-06-21T23:02:41.700515144Z stderr F I0621 23:02:41.700445       1 shared_informer.go:255] Waiting for caches to sync for taint
2022-06-21T23:02:41.724714104Z stderr F I0621 23:02:41.723990       1 controllermanager.go:593] Started "attachdetach"
2022-06-21T23:02:41.727003014Z stderr F I0621 23:02:41.726063       1 attach_detach_controller.go:328] Starting attach detach controller
2022-06-21T23:02:41.727233802Z stderr F I0621 23:02:41.726911       1 shared_informer.go:255] Waiting for caches to sync for attach detach
2022-06-21T23:02:41.745344485Z stderr F I0621 23:02:41.744683       1 controllermanager.go:593] Started "clusterrole-aggregation"
2022-06-21T23:02:41.74643569Z stderr F I0621 23:02:41.746236       1 clusterroleaggregation_controller.go:194] Starting ClusterRoleAggregator
2022-06-21T23:02:41.746543574Z stderr F I0621 23:02:41.746282       1 shared_informer.go:255] Waiting for caches to sync for ClusterRoleAggregator
2022-06-21T23:02:41.758127827Z stderr F I0621 23:02:41.757765       1 controllermanager.go:593] Started "root-ca-cert-publisher"
2022-06-21T23:02:41.759240979Z stderr F I0621 23:02:41.758642       1 publisher.go:107] Starting root CA certificate configmap publisher
2022-06-21T23:02:41.759283182Z stderr F I0621 23:02:41.758705       1 shared_informer.go:255] Waiting for caches to sync for crt configmap
2022-06-21T23:02:41.797751235Z stderr F I0621 23:02:41.797181       1 controllermanager.go:593] Started "endpointslicemirroring"
2022-06-21T23:02:41.798531277Z stderr F I0621 23:02:41.797922       1 endpointslicemirroring_controller.go:212] Starting EndpointSliceMirroring controller
2022-06-21T23:02:41.805233158Z stderr F I0621 23:02:41.798676       1 shared_informer.go:255] Waiting for caches to sync for endpoint_slice_mirroring
2022-06-21T23:02:42.095136898Z stderr F I0621 23:02:42.093510       1 controllermanager.go:593] Started "namespace"
2022-06-21T23:02:42.095168991Z stderr F I0621 23:02:42.093812       1 namespace_controller.go:200] Starting namespace controller
2022-06-21T23:02:42.095173856Z stderr F I0621 23:02:42.093847       1 shared_informer.go:255] Waiting for caches to sync for namespace
2022-06-21T23:02:42.114461233Z stderr F I0621 23:02:42.113228       1 controllermanager.go:593] Started "serviceaccount"
2022-06-21T23:02:42.114512007Z stderr F I0621 23:02:42.113472       1 serviceaccounts_controller.go:117] Starting service account controller
2022-06-21T23:02:42.11452232Z stderr F I0621 23:02:42.113482       1 shared_informer.go:255] Waiting for caches to sync for service account
2022-06-21T23:02:42.128344364Z stderr F I0621 23:02:42.127902       1 controllermanager.go:593] Started "replicaset"
2022-06-21T23:02:42.128887226Z stderr F I0621 23:02:42.128712       1 replica_set.go:205] Starting replicaset controller
2022-06-21T23:02:42.130312576Z stderr F I0621 23:02:42.130050       1 shared_informer.go:255] Waiting for caches to sync for ReplicaSet
2022-06-21T23:02:42.16399277Z stderr F I0621 23:02:42.163664       1 controllermanager.go:593] Started "horizontalpodautoscaling"
2022-06-21T23:02:42.166671858Z stderr F I0621 23:02:42.163864       1 horizontal.go:168] Starting HPA controller
2022-06-21T23:02:42.166982944Z stderr F I0621 23:02:42.166606       1 shared_informer.go:255] Waiting for caches to sync for HPA
2022-06-21T23:02:42.172756995Z stderr F I0621 23:02:42.172263       1 node_lifecycle_controller.go:77] Sending events to api server
2022-06-21T23:02:42.172794469Z stderr F E0621 23:02:42.172352       1 core.go:211] failed to start cloud node lifecycle controller: no cloud provider provided
2022-06-21T23:02:42.172803661Z stderr F W0621 23:02:42.172366       1 controllermanager.go:571] Skipping "cloud-node-lifecycle"
2022-06-21T23:02:42.178865957Z stderr F I0621 23:02:42.178524       1 controllermanager.go:593] Started "bootstrapsigner"
2022-06-21T23:02:42.179356692Z stderr F I0621 23:02:42.178550       1 shared_informer.go:255] Waiting for caches to sync for bootstrap_signer
2022-06-21T23:02:42.187883279Z stderr F E0621 23:02:42.187566       1 core.go:91] Failed to start service controller: WARNING: no cloud provider provided, services of type LoadBalancer will fail
2022-06-21T23:02:42.18792301Z stderr F W0621 23:02:42.187780       1 controllermanager.go:571] Skipping "service"
2022-06-21T23:02:42.27371599Z stderr F I0621 23:02:42.272409       1 resource_quota_monitor.go:233] QuotaMonitor created object count evaluator for poddisruptionbudgets.policy
2022-06-21T23:02:42.274480244Z stderr F I0621 23:02:42.274055       1 resource_quota_monitor.go:233] QuotaMonitor created object count evaluator for deployments.apps
2022-06-21T23:02:42.274501066Z stderr F I0621 23:02:42.274158       1 resource_quota_monitor.go:233] QuotaMonitor created object count evaluator for statefulsets.apps
2022-06-21T23:02:42.274505853Z stderr F I0621 23:02:42.274184       1 resource_quota_monitor.go:233] QuotaMonitor created object count evaluator for cronjobs.batch
2022-06-21T23:02:42.274509476Z stderr F I0621 23:02:42.274267       1 resource_quota_monitor.go:233] QuotaMonitor created object count evaluator for podtemplates
2022-06-21T23:02:42.275012119Z stderr F I0621 23:02:42.274600       1 resource_quota_monitor.go:233] QuotaMonitor created object count evaluator for daemonsets.apps
2022-06-21T23:02:42.275035791Z stderr F I0621 23:02:42.274688       1 resource_quota_monitor.go:233] QuotaMonitor created object count evaluator for replicasets.apps
2022-06-21T23:02:42.277529572Z stderr F I0621 23:02:42.276617       1 resource_quota_monitor.go:233] QuotaMonitor created object count evaluator for rolebindings.rbac.authorization.k8s.io
2022-06-21T23:02:42.277559681Z stderr F W0621 23:02:42.276742       1 shared_informer.go:533] resyncPeriod 19h37m47.181800578s is smaller than resyncCheckPeriod 23h15m0.395549311s and the informer has already started. Changing it to 23h15m0.395549311s
2022-06-21T23:02:42.277591351Z stderr F I0621 23:02:42.277136       1 resource_quota_monitor.go:233] QuotaMonitor created object count evaluator for limitranges
2022-06-21T23:02:42.277886402Z stderr F I0621 23:02:42.277642       1 resource_quota_monitor.go:233] QuotaMonitor created object count evaluator for csistoragecapacities.storage.k8s.io
2022-06-21T23:02:42.278153629Z stderr F I0621 23:02:42.277765       1 resource_quota_monitor.go:233] QuotaMonitor created object count evaluator for leases.coordination.k8s.io
2022-06-21T23:02:42.278169634Z stderr F I0621 23:02:42.278082       1 resource_quota_monitor.go:233] QuotaMonitor created object count evaluator for endpointslices.discovery.k8s.io
2022-06-21T23:02:42.278550058Z stderr F I0621 23:02:42.278271       1 resource_quota_monitor.go:233] QuotaMonitor created object count evaluator for endpoints
2022-06-21T23:02:42.278772036Z stderr F I0621 23:02:42.278526       1 resource_quota_monitor.go:233] QuotaMonitor created object count evaluator for ingresses.networking.k8s.io
2022-06-21T23:02:42.281116904Z stderr F I0621 23:02:42.278828       1 resource_quota_monitor.go:233] QuotaMonitor created object count evaluator for jobs.batch
2022-06-21T23:02:42.290048031Z stderr F I0621 23:02:42.286958       1 resource_quota_monitor.go:233] QuotaMonitor created object count evaluator for horizontalpodautoscalers.autoscaling
2022-06-21T23:02:42.290096701Z stderr F I0621 23:02:42.288617       1 resource_quota_monitor.go:233] QuotaMonitor created object count evaluator for roles.rbac.authorization.k8s.io
2022-06-21T23:02:42.290114473Z stderr F W0621 23:02:42.289157       1 shared_informer.go:533] resyncPeriod 22h55m1.712850828s is smaller than resyncCheckPeriod 23h15m0.395549311s and the informer has already started. Changing it to 23h15m0.395549311s
2022-06-21T23:02:42.293410193Z stderr F I0621 23:02:42.290050       1 resource_quota_monitor.go:233] QuotaMonitor created object count evaluator for serviceaccounts
2022-06-21T23:02:42.298302016Z stderr F I0621 23:02:42.298154       1 resource_quota_monitor.go:233] QuotaMonitor created object count evaluator for networkpolicies.networking.k8s.io
2022-06-21T23:02:42.299235656Z stderr F I0621 23:02:42.299094       1 resource_quota_monitor.go:233] QuotaMonitor created object count evaluator for controllerrevisions.apps
2022-06-21T23:02:42.300085253Z stderr F I0621 23:02:42.299872       1 resource_quota_monitor.go:233] QuotaMonitor created object count evaluator for events.events.k8s.io
2022-06-21T23:02:42.300605957Z stderr F I0621 23:02:42.300333       1 controllermanager.go:593] Started "resourcequota"
2022-06-21T23:02:42.301133535Z stderr F I0621 23:02:42.300422       1 resource_quota_controller.go:273] Starting resource quota controller
2022-06-21T23:02:42.301229934Z stderr F I0621 23:02:42.301199       1 shared_informer.go:255] Waiting for caches to sync for resource quota
2022-06-21T23:02:42.301348989Z stderr F I0621 23:02:42.301290       1 resource_quota_monitor.go:308] QuotaMonitor running
2022-06-21T23:02:42.313374808Z stderr F I0621 23:02:42.313209       1 controllermanager.go:593] Started "pvc-protection"
2022-06-21T23:02:42.313839541Z stderr F I0621 23:02:42.313710       1 pvc_protection_controller.go:103] "Starting PVC protection controller"
2022-06-21T23:02:42.313896044Z stderr F I0621 23:02:42.313810       1 shared_informer.go:255] Waiting for caches to sync for PVC protection
2022-06-21T23:02:42.355154124Z stderr F I0621 23:02:42.354944       1 controllermanager.go:593] Started "endpoint"
2022-06-21T23:02:42.3558189Z stderr F I0621 23:02:42.355314       1 endpoints_controller.go:178] Starting endpoint controller
2022-06-21T23:02:42.356070765Z stderr F I0621 23:02:42.356000       1 shared_informer.go:255] Waiting for caches to sync for endpoint
2022-06-21T23:02:42.37735417Z stderr F I0621 23:02:42.377249       1 controllermanager.go:593] Started "replicationcontroller"
2022-06-21T23:02:42.378724966Z stderr F I0621 23:02:42.377465       1 replica_set.go:205] Starting replicationcontroller controller
2022-06-21T23:02:42.378855831Z stderr F I0621 23:02:42.378815       1 shared_informer.go:255] Waiting for caches to sync for ReplicationController
2022-06-21T23:02:42.387882748Z stderr F I0621 23:02:42.387724       1 controllermanager.go:593] Started "podgc"
2022-06-21T23:02:42.388389361Z stderr F I0621 23:02:42.388321       1 gc_controller.go:92] Starting GC controller
2022-06-21T23:02:42.38846305Z stderr F I0621 23:02:42.388436       1 shared_informer.go:255] Waiting for caches to sync for GC
2022-06-21T23:02:42.401158477Z stderr F I0621 23:02:42.400794       1 controllermanager.go:593] Started "statefulset"
2022-06-21T23:02:42.401617479Z stderr F I0621 23:02:42.401304       1 stateful_set.go:147] Starting stateful set controller
2022-06-21T23:02:42.401724723Z stderr F I0621 23:02:42.401694       1 shared_informer.go:255] Waiting for caches to sync for stateful set
2022-06-21T23:02:42.421970895Z stderr F I0621 23:02:42.421402       1 controllermanager.go:593] Started "ttl"
2022-06-21T23:02:42.422012331Z stderr F I0621 23:02:42.421751       1 ttl_controller.go:121] Starting TTL controller
2022-06-21T23:02:42.42202214Z stderr F I0621 23:02:42.421768       1 shared_informer.go:255] Waiting for caches to sync for TTL
2022-06-21T23:02:42.429590312Z stderr F I0621 23:02:42.429418       1 node_ipam_controller.go:91] Sending events to api server.
2022-06-21T23:02:52.464672365Z stderr F I0621 23:02:52.464406       1 range_allocator.go:83] Sending events to api server.
2022-06-21T23:02:52.465164891Z stderr F I0621 23:02:52.464931       1 range_allocator.go:117] No Secondary Service CIDR provided. Skipping filtering out secondary service addresses.
2022-06-21T23:02:52.465626023Z stderr F I0621 23:02:52.465058       1 controllermanager.go:593] Started "nodeipam"
2022-06-21T23:02:52.465955043Z stderr F I0621 23:02:52.465712       1 node_ipam_controller.go:154] Starting ipam controller
2022-06-21T23:02:52.466067078Z stderr F I0621 23:02:52.465755       1 shared_informer.go:255] Waiting for caches to sync for node
2022-06-21T23:02:52.470838178Z stderr F I0621 23:02:52.470653       1 controllermanager.go:593] Started "ttl-after-finished"
2022-06-21T23:02:52.471397813Z stderr F I0621 23:02:52.470703       1 ttlafterfinished_controller.go:109] Starting TTL after finished controller
2022-06-21T23:02:52.471411057Z stderr F I0621 23:02:52.471279       1 shared_informer.go:255] Waiting for caches to sync for TTL after finished
2022-06-21T23:02:52.486573432Z stderr F I0621 23:02:52.486362       1 shared_informer.go:255] Waiting for caches to sync for resource quota
2022-06-21T23:02:52.586445484Z stderr F I0621 23:02:52.574434       1 shared_informer.go:262] Caches are synced for crt configmap
2022-06-21T23:02:52.586585496Z stderr F I0621 23:02:52.575610       1 shared_informer.go:262] Caches are synced for PV protection
2022-06-21T23:02:52.586592555Z stderr F I0621 23:02:52.575640       1 shared_informer.go:262] Caches are synced for TTL after finished
2022-06-21T23:02:52.586596795Z stderr F I0621 23:02:52.579935       1 shared_informer.go:262] Caches are synced for bootstrap_signer
2022-06-21T23:02:52.595337711Z stderr F W0621 23:02:52.594982       1 actual_state_of_world.go:541] Failed to update statusUpdateNeeded field in actual state of world: Failed to set statusUpdateNeeded to needed true, because nodeName="kind-worker" does not exist
2022-06-21T23:02:52.601311851Z stderr F W0621 23:02:52.600533       1 actual_state_of_world.go:541] Failed to update statusUpdateNeeded field in actual state of world: Failed to set statusUpdateNeeded to needed true, because nodeName="kind-worker3" does not exist
2022-06-21T23:02:52.624497629Z stderr F I0621 23:02:52.596778       1 shared_informer.go:262] Caches are synced for expand
2022-06-21T23:02:52.629714338Z stderr F W0621 23:02:52.598206       1 topologycache.go:199] Can't get CPU or zone information for kind-worker node
2022-06-21T23:02:52.638415084Z stderr F I0621 23:02:52.621546       1 shared_informer.go:262] Caches are synced for namespace
2022-06-21T23:02:52.638544866Z stderr F I0621 23:02:52.621575       1 shared_informer.go:262] Caches are synced for endpoint_slice_mirroring
2022-06-21T23:02:52.638556008Z stderr F W0621 23:02:52.629398       1 actual_state_of_world.go:541] Failed to update statusUpdateNeeded field in actual state of world: Failed to set statusUpdateNeeded to needed true, because nodeName="kind-control-plane" does not exist
2022-06-21T23:02:52.638791721Z stderr F I0621 23:02:52.634243       1 shared_informer.go:262] Caches are synced for service account
2022-06-21T23:02:52.639073395Z stderr F I0621 23:02:52.634279       1 shared_informer.go:262] Caches are synced for TTL
2022-06-21T23:02:52.639571184Z stderr F W0621 23:02:52.639367       1 topologycache.go:199] Can't get CPU or zone information for kind-worker2 node
2022-06-21T23:02:52.639745512Z stderr F W0621 23:02:52.639599       1 topologycache.go:199] Can't get CPU or zone information for kind-worker node
2022-06-21T23:02:52.640060872Z stderr F W0621 23:02:52.639883       1 topologycache.go:199] Can't get CPU or zone information for kind-worker2 node
2022-06-21T23:02:52.640275942Z stderr F W0621 23:02:52.640093       1 topologycache.go:199] Can't get CPU or zone information for kind-worker node
2022-06-21T23:02:52.64043674Z stderr F W0621 23:02:52.640305       1 topologycache.go:199] Can't get CPU or zone information for kind-worker node
2022-06-21T23:02:52.641233637Z stderr F W0621 23:02:52.640893       1 actual_state_of_world.go:541] Failed to update statusUpdateNeeded field in actual state of world: Failed to set statusUpdateNeeded to needed true, because nodeName="kind-worker4" does not exist
2022-06-21T23:02:52.641403706Z stderr F W0621 23:02:52.641211       1 actual_state_of_world.go:541] Failed to update statusUpdateNeeded field in actual state of world: Failed to set statusUpdateNeeded to needed true, because nodeName="kind-worker5" does not exist
2022-06-21T23:02:52.641489153Z stderr F W0621 23:02:52.641371       1 actual_state_of_world.go:541] Failed to update statusUpdateNeeded field in actual state of world: Failed to set statusUpdateNeeded to needed true, because nodeName="kind-worker2" does not exist
2022-06-21T23:02:52.647269523Z stderr F I0621 23:02:52.646818       1 shared_informer.go:262] Caches are synced for ClusterRoleAggregator
2022-06-21T23:02:52.649175162Z stderr F I0621 23:02:52.648977       1 shared_informer.go:262] Caches are synced for deployment
2022-06-21T23:02:52.656725975Z stderr F I0621 23:02:52.656548       1 shared_informer.go:262] Caches are synced for endpoint
2022-06-21T23:02:52.667440512Z stderr F I0621 23:02:52.667159       1 shared_informer.go:262] Caches are synced for HPA
2022-06-21T23:02:52.668150555Z stderr F I0621 23:02:52.667771       1 shared_informer.go:262] Caches are synced for node
2022-06-21T23:02:52.668182528Z stderr F I0621 23:02:52.667887       1 range_allocator.go:173] Starting range CIDR allocator
2022-06-21T23:02:52.668193335Z stderr F I0621 23:02:52.667896       1 shared_informer.go:255] Waiting for caches to sync for cidrallocator
2022-06-21T23:02:52.66830112Z stderr F I0621 23:02:52.667968       1 shared_informer.go:262] Caches are synced for cidrallocator
2022-06-21T23:02:52.673174619Z stderr F I0621 23:02:52.672005       1 shared_informer.go:262] Caches are synced for ephemeral
2022-06-21T23:02:52.680085556Z stderr F I0621 23:02:52.678893       1 shared_informer.go:262] Caches are synced for daemon sets
2022-06-21T23:02:52.680824442Z stderr F I0621 23:02:52.679131       1 shared_informer.go:262] Caches are synced for ReplicationController
2022-06-21T23:02:52.689049812Z stderr F I0621 23:02:52.688870       1 shared_informer.go:262] Caches are synced for GC
2022-06-21T23:02:52.689998001Z stderr F I0621 23:02:52.689830       1 shared_informer.go:262] Caches are synced for persistent volume
2022-06-21T23:02:52.694805044Z stderr F I0621 23:02:52.694281       1 shared_informer.go:262] Caches are synced for endpoint_slice
2022-06-21T23:02:52.706515288Z stderr F I0621 23:02:52.706177       1 shared_informer.go:262] Caches are synced for taint
2022-06-21T23:02:52.707783968Z stderr F I0621 23:02:52.706692       1 node_lifecycle_controller.go:1399] Initializing eviction metric for zone: 
2022-06-21T23:02:52.708270708Z stderr F I0621 23:02:52.707988       1 shared_informer.go:262] Caches are synced for job
2022-06-21T23:02:52.708708885Z stderr F W0621 23:02:52.708577       1 node_lifecycle_controller.go:1014] Missing timestamp for Node kind-worker3. Assuming now as a timestamp.
2022-06-21T23:02:52.708729151Z stderr F W0621 23:02:52.708683       1 node_lifecycle_controller.go:1014] Missing timestamp for Node kind-control-plane. Assuming now as a timestamp.
2022-06-21T23:02:52.708985312Z stderr F W0621 23:02:52.708792       1 node_lifecycle_controller.go:1014] Missing timestamp for Node kind-worker4. Assuming now as a timestamp.
2022-06-21T23:02:52.708997004Z stderr F W0621 23:02:52.708945       1 node_lifecycle_controller.go:1014] Missing timestamp for Node kind-worker5. Assuming now as a timestamp.
2022-06-21T23:02:52.709138035Z stderr F W0621 23:02:52.709069       1 node_lifecycle_controller.go:1014] Missing timestamp for Node kind-worker2. Assuming now as a timestamp.
2022-06-21T23:02:52.709878725Z stderr F W0621 23:02:52.709193       1 node_lifecycle_controller.go:1014] Missing timestamp for Node kind-worker. Assuming now as a timestamp.
2022-06-21T23:02:52.709898679Z stderr F I0621 23:02:52.709322       1 node_lifecycle_controller.go:1215] Controller detected that zone  is now in state Normal.
2022-06-21T23:02:52.709903235Z stderr F I0621 23:02:52.709555       1 event.go:294] "Event occurred" object="kind-worker3" fieldPath="" kind="Node" apiVersion="v1" type="Normal" reason="RegisteredNode" message="Node kind-worker3 event: Registered Node kind-worker3 in Controller"
2022-06-21T23:02:52.709907168Z stderr F I0621 23:02:52.709592       1 event.go:294] "Event occurred" object="kind-control-plane" fieldPath="" kind="Node" apiVersion="v1" type="Normal" reason="RegisteredNode" message="Node kind-control-plane event: Registered Node kind-control-plane in Controller"
2022-06-21T23:02:52.709910487Z stderr F I0621 23:02:52.709613       1 event.go:294] "Event occurred" object="kind-worker4" fieldPath="" kind="Node" apiVersion="v1" type="Normal" reason="RegisteredNode" message="Node kind-worker4 event: Registered Node kind-worker4 in Controller"
2022-06-21T23:02:52.709959997Z stderr F I0621 23:02:52.709630       1 event.go:294] "Event occurred" object="kind-worker5" fieldPath="" kind="Node" apiVersion="v1" type="Normal" reason="RegisteredNode" message="Node kind-worker5 event: Registered Node kind-worker5 in Controller"
2022-06-21T23:02:52.709963898Z stderr F I0621 23:02:52.709647       1 event.go:294] "Event occurred" object="kind-worker2" fieldPath="" kind="Node" apiVersion="v1" type="Normal" reason="RegisteredNode" message="Node kind-worker2 event: Registered Node kind-worker2 in Controller"
2022-06-21T23:02:52.709967142Z stderr F I0621 23:02:52.709664       1 event.go:294] "Event occurred" object="kind-worker" fieldPath="" kind="Node" apiVersion="v1" type="Normal" reason="RegisteredNode" message="Node kind-worker event: Registered Node kind-worker in Controller"
2022-06-21T23:02:52.709970972Z stderr F I0621 23:02:52.709695       1 taint_manager.go:187] "Starting NoExecuteTaintManager"
2022-06-21T23:02:52.713171567Z stderr F I0621 23:02:52.712949       1 shared_informer.go:262] Caches are synced for stateful set
2022-06-21T23:02:52.714280124Z stderr F I0621 23:02:52.714165       1 shared_informer.go:262] Caches are synced for PVC protection
2022-06-21T23:02:52.719984308Z stderr F I0621 23:02:52.719704       1 shared_informer.go:262] Caches are synced for disruption
2022-06-21T23:02:52.720014034Z stderr F I0621 23:02:52.719817       1 disruption.go:371] Sending events to api server.
2022-06-21T23:02:52.72936167Z stderr F I0621 23:02:52.729061       1 shared_informer.go:255] Waiting for caches to sync for garbage collector
2022-06-21T23:02:52.729393064Z stderr F I0621 23:02:52.729174       1 shared_informer.go:262] Caches are synced for attach detach
2022-06-21T23:02:52.734069095Z stderr F I0621 23:02:52.733864       1 shared_informer.go:262] Caches are synced for ReplicaSet
2022-06-21T23:02:52.741009385Z stderr F I0621 23:02:52.740820       1 shared_informer.go:262] Caches are synced for certificate-csrsigning-kube-apiserver-client
2022-06-21T23:02:52.741359944Z stderr F I0621 23:02:52.741167       1 shared_informer.go:262] Caches are synced for certificate-csrsigning-legacy-unknown
2022-06-21T23:02:52.742346536Z stderr F I0621 23:02:52.742036       1 shared_informer.go:262] Caches are synced for certificate-csrsigning-kubelet-client
2022-06-21T23:02:52.744998686Z stderr F I0621 23:02:52.743837       1 shared_informer.go:262] Caches are synced for certificate-csrsigning-kubelet-serving
2022-06-21T23:02:52.761276236Z stderr F I0621 23:02:52.761047       1 shared_informer.go:262] Caches are synced for cronjob
2022-06-21T23:02:52.780176386Z stderr F I0621 23:02:52.779783       1 shared_informer.go:262] Caches are synced for certificate-csrapproving
2022-06-21T23:02:52.788410172Z stderr F I0621 23:02:52.787851       1 shared_informer.go:262] Caches are synced for resource quota
2022-06-21T23:02:52.803207021Z stderr F I0621 23:02:52.802863       1 shared_informer.go:262] Caches are synced for resource quota
2022-06-21T23:02:53.632399794Z stderr F I0621 23:02:53.599294       1 shared_informer.go:262] Caches are synced for garbage collector
2022-06-21T23:02:53.636792307Z stderr F I0621 23:02:53.599349       1 garbagecollector.go:158] Garbage collector: all resource monitors have synced. Proceeding to collect garbage
2022-06-21T23:02:53.636900331Z stderr F I0621 23:02:53.599438       1 shared_informer.go:262] Caches are synced for garbage collector
2022-06-21T23:24:54.651573767Z stderr F E0621 23:24:54.120820       1 leaderelection.go:367] Failed to update lock: Put "https://172.18.0.5:6443/apis/coordination.k8s.io/v1/namespaces/kube-system/leases/kube-controller-manager?timeout=5s": context deadline exceeded (Client.Timeout exceeded while awaiting headers)
2022-06-21T23:24:57.474672625Z stderr F E0621 23:24:57.473454       1 leaderelection.go:330] error retrieving resource lock kube-system/kube-controller-manager: Get "https://172.18.0.5:6443/apis/coordination.k8s.io/v1/namespaces/kube-system/leases/kube-controller-manager?timeout=5s": context deadline exceeded
2022-06-21T23:24:57.482327652Z stderr F I0621 23:24:57.482194       1 leaderelection.go:283] failed to renew lease kube-system/kube-controller-manager: timed out waiting for the condition
2022-06-21T23:24:57.490324499Z stderr F E0621 23:24:57.487305       1 controllermanager.go:284] "leaderelection lost"
2022-06-21T23:24:57.495164572Z stderr F I0621 23:24:57.494988       1 event.go:294] "Event occurred" object="" fieldPath="" kind="Lease" apiVersion="coordination.k8s.io/v1" type="Normal" reason="LeaderElection" message="kind-control-plane_907d5927-18af-43cc-b46e-0f97bfecce04 stopped leading"
2022-06-21T23:24:57.496749298Z stderr F I0621 23:24:57.496626       1 range_allocator.go:185] Shutting down range CIDR allocator
2022-06-21T23:24:57.496897786Z stderr F I0621 23:24:57.496857       1 node_ipam_controller.go:166] Shutting down ipam controller
2022-06-21T23:24:57.499473103Z stderr F I0621 23:24:57.499041       1 horizontal.go:179] Shutting down HPA controller
2022-06-21T23:24:57.502713566Z stderr F I0621 23:24:57.502520       1 endpoints_controller.go:195] Shutting down endpoint controller
2022-06-21T23:24:57.511251481Z stderr F I0621 23:24:57.510937       1 deployment_controller.go:165] "Shutting down controller" controller="deployment"
2022-06-21T23:24:57.516138056Z stderr F I0621 23:24:57.514183       1 garbagecollector.go:167] Shutting down garbage collector controller
2022-06-21T23:24:57.516189693Z stderr F I0621 23:24:57.515335       1 resource_quota_controller.go:296] Shutting down resource quota controller
2022-06-21T23:24:57.519116741Z stderr F I0621 23:24:57.518965       1 clusterroleaggregation_controller.go:206] Shutting down ClusterRoleAggregator
2022-06-21T23:24:57.522308699Z stderr F I0621 23:24:57.521697       1 certificate_controller.go:131] Shutting down certificate controller "csrapproving"
2022-06-21T23:24:57.524781256Z stderr F I0621 23:24:57.524622       1 serviceaccounts_controller.go:129] Shutting down service account controller
2022-06-21T23:24:57.524970868Z stderr F I0621 23:24:57.524909       1 endpointslicemirroring_controller.go:225] Shutting down EndpointSliceMirroring controller
2022-06-21T23:24:57.52526521Z stderr F I0621 23:24:57.525041       1 namespace_controller.go:212] Shutting down namespace controller
2022-06-21T23:24:57.526541411Z stderr F I0621 23:24:57.525722       1 ttl_controller.go:133] Shutting down TTL controller
2022-06-21T23:24:57.526975904Z stderr F I0621 23:24:57.526903       1 expand_controller.go:353] Shutting down expand controller
2022-06-21T23:24:57.534055321Z stderr F I0621 23:24:57.530726       1 ttlafterfinished_controller.go:121] Shutting down TTL after finished controller
2022-06-21T23:24:57.534557438Z stderr F I0621 23:24:57.534314       1 pv_protection_controller.go:91] Shutting down PV protection controller
2022-06-21T23:24:57.535364229Z stderr F I0621 23:24:57.535120       1 cronjob_controllerv2.go:147] "Shutting down cronjob controller v2"
2022-06-21T23:24:57.535401166Z stderr F I0621 23:24:57.535220       1 certificate_controller.go:131] Shutting down certificate controller "csrsigning-kubelet-serving"
2022-06-21T23:24:57.535490372Z stderr F I0621 23:24:57.535281       1 certificate_controller.go:131] Shutting down certificate controller "csrsigning-kubelet-client"
2022-06-21T23:24:57.535507266Z stderr F I0621 23:24:57.535359       1 attach_detach_controller.go:367] Shutting down attach detach controller
2022-06-21T23:24:57.535518548Z stderr F I0621 23:24:57.535393       1 certificate_controller.go:131] Shutting down certificate controller "csrsigning-legacy-unknown"
2022-06-21T23:24:57.535530927Z stderr F I0621 23:24:57.535416       1 certificate_controller.go:131] Shutting down certificate controller "csrsigning-kube-apiserver-client"
2022-06-21T23:24:57.535780543Z stderr F I0621 23:24:57.535569       1 publisher.go:119] Shutting down root CA certificate configmap publisher
2022-06-21T23:24:57.536412284Z stderr F I0621 23:24:57.536280       1 cleaner.go:90] Shutting down CSR cleaner controller
2022-06-21T23:24:57.53745113Z stderr F I0621 23:24:57.537284       1 tokencleaner.go:128] Shutting down token cleaner controller
2022-06-21T23:24:57.551327692Z stderr F I0621 23:24:57.551184       1 dynamic_serving_content.go:146] "Shutting down controller" name="csr-controller::/etc/kubernetes/pki/ca.crt::/etc/kubernetes/pki/ca.key"
2022-06-21T23:24:57.551641152Z stderr F I0621 23:24:57.551558       1 dynamic_serving_content.go:146] "Shutting down controller" name="csr-controller::/etc/kubernetes/pki/ca.crt::/etc/kubernetes/pki/ca.key"
2022-06-21T23:24:57.659307788Z stderr F I0621 23:24:57.615597       1 dynamic_serving_content.go:146] "Shutting down controller" name="csr-controller::/etc/kubernetes/pki/ca.crt::/etc/kubernetes/pki/ca.key"
2022-06-21T23:24:57.662194146Z stderr F I0621 23:24:57.615700       1 dynamic_serving_content.go:146] "Shutting down controller" name="csr-controller::/etc/kubernetes/pki/ca.crt::/etc/kubernetes/pki/ca.key"
