2022-06-21T23:00:07.647985608Z stderr F I0621 23:00:07.646904       1 serving.go:348] Generated self-signed cert in-memory
2022-06-21T23:00:19.497828236Z stderr F W0621 23:00:19.497226       1 authentication.go:346] Error looking up in-cluster authentication configuration: Get "https://172.18.0.5:6443/api/v1/namespaces/kube-system/configmaps/extension-apiserver-authentication": net/http: TLS handshake timeout
2022-06-21T23:00:19.497946702Z stderr F W0621 23:00:19.497352       1 authentication.go:347] Continuing without authentication configuration. This may treat all requests as anonymous.
2022-06-21T23:00:19.497963144Z stderr F W0621 23:00:19.497400       1 authentication.go:348] To require authentication configuration lookup to succeed, set --authentication-tolerate-lookup-failure=false
2022-06-21T23:00:28.832672529Z stderr F I0621 23:00:28.832374       1 server.go:147] "Starting Kubernetes Scheduler" version="v1.24.0"
2022-06-21T23:00:28.832833906Z stderr F I0621 23:00:28.832541       1 server.go:149] "Golang settings" GOGC="" GOMAXPROCS="" GOTRACEBACK=""
2022-06-21T23:00:28.857973405Z stderr F I0621 23:00:28.857569       1 configmap_cafile_content.go:202] "Starting controller" name="client-ca::kube-system::extension-apiserver-authentication::client-ca-file"
2022-06-21T23:00:28.860550242Z stderr F I0621 23:00:28.857708       1 shared_informer.go:255] Waiting for caches to sync for client-ca::kube-system::extension-apiserver-authentication::client-ca-file
2022-06-21T23:00:28.870120109Z stderr F I0621 23:00:28.869731       1 secure_serving.go:210] Serving securely on 127.0.0.1:10259
2022-06-21T23:00:28.872429846Z stderr F I0621 23:00:28.872155       1 tlsconfig.go:240] "Starting DynamicServingCertificateController"
2022-06-21T23:00:28.964051483Z stderr F W0621 23:00:28.963757       1 reflector.go:324] vendor/k8s.io/client-go/informers/factory.go:134: failed to list *v1.CSIDriver: csidrivers.storage.k8s.io is forbidden: User "system:kube-scheduler" cannot list resource "csidrivers" in API group "storage.k8s.io" at the cluster scope
2022-06-21T23:00:28.964323707Z stderr F E0621 23:00:28.964131       1 reflector.go:138] vendor/k8s.io/client-go/informers/factory.go:134: Failed to watch *v1.CSIDriver: failed to list *v1.CSIDriver: csidrivers.storage.k8s.io is forbidden: User "system:kube-scheduler" cannot list resource "csidrivers" in API group "storage.k8s.io" at the cluster scope
2022-06-21T23:00:28.964978739Z stderr F W0621 23:00:28.964708       1 reflector.go:324] vendor/k8s.io/client-go/informers/factory.go:134: failed to list *v1.ReplicationController: replicationcontrollers is forbidden: User "system:kube-scheduler" cannot list resource "replicationcontrollers" in API group "" at the cluster scope
2022-06-21T23:00:28.965017459Z stderr F E0621 23:00:28.964801       1 reflector.go:138] vendor/k8s.io/client-go/informers/factory.go:134: Failed to watch *v1.ReplicationController: failed to list *v1.ReplicationController: replicationcontrollers is forbidden: User "system:kube-scheduler" cannot list resource "replicationcontrollers" in API group "" at the cluster scope
2022-06-21T23:00:28.970336458Z stderr F W0621 23:00:28.970094       1 reflector.go:324] vendor/k8s.io/client-go/informers/factory.go:134: failed to list *v1.StatefulSet: statefulsets.apps is forbidden: User "system:kube-scheduler" cannot list resource "statefulsets" in API group "apps" at the cluster scope
2022-06-21T23:00:28.970377149Z stderr F E0621 23:00:28.970217       1 reflector.go:138] vendor/k8s.io/client-go/informers/factory.go:134: Failed to watch *v1.StatefulSet: failed to list *v1.StatefulSet: statefulsets.apps is forbidden: User "system:kube-scheduler" cannot list resource "statefulsets" in API group "apps" at the cluster scope
2022-06-21T23:00:28.971269931Z stderr F W0621 23:00:28.970991       1 reflector.go:324] vendor/k8s.io/client-go/informers/factory.go:134: failed to list *v1.PodDisruptionBudget: poddisruptionbudgets.policy is forbidden: User "system:kube-scheduler" cannot list resource "poddisruptionbudgets" in API group "policy" at the cluster scope
2022-06-21T23:00:28.971342549Z stderr F E0621 23:00:28.971090       1 reflector.go:138] vendor/k8s.io/client-go/informers/factory.go:134: Failed to watch *v1.PodDisruptionBudget: failed to list *v1.PodDisruptionBudget: poddisruptionbudgets.policy is forbidden: User "system:kube-scheduler" cannot list resource "poddisruptionbudgets" in API group "policy" at the cluster scope
2022-06-21T23:00:28.972905889Z stderr F W0621 23:00:28.972603       1 reflector.go:324] pkg/server/dynamiccertificates/configmap_cafile_content.go:206: failed to list *v1.ConfigMap: configmaps "extension-apiserver-authentication" is forbidden: User "system:kube-scheduler" cannot list resource "configmaps" in API group "" in the namespace "kube-system"
2022-06-21T23:00:28.972947778Z stderr F E0621 23:00:28.972706       1 reflector.go:138] pkg/server/dynamiccertificates/configmap_cafile_content.go:206: Failed to watch *v1.ConfigMap: failed to list *v1.ConfigMap: configmaps "extension-apiserver-authentication" is forbidden: User "system:kube-scheduler" cannot list resource "configmaps" in API group "" in the namespace "kube-system"
2022-06-21T23:00:28.998643913Z stderr F W0621 23:00:28.984707       1 reflector.go:324] vendor/k8s.io/client-go/informers/factory.go:134: failed to list *v1.StorageClass: storageclasses.storage.k8s.io is forbidden: User "system:kube-scheduler" cannot list resource "storageclasses" in API group "storage.k8s.io" at the cluster scope
2022-06-21T23:00:28.998678298Z stderr F E0621 23:00:28.984781       1 reflector.go:138] vendor/k8s.io/client-go/informers/factory.go:134: Failed to watch *v1.StorageClass: failed to list *v1.StorageClass: storageclasses.storage.k8s.io is forbidden: User "system:kube-scheduler" cannot list resource "storageclasses" in API group "storage.k8s.io" at the cluster scope
2022-06-21T23:00:28.998686878Z stderr F W0621 23:00:28.984884       1 reflector.go:324] vendor/k8s.io/client-go/informers/factory.go:134: failed to list *v1.Service: services is forbidden: User "system:kube-scheduler" cannot list resource "services" in API group "" at the cluster scope
2022-06-21T23:00:28.998693126Z stderr F E0621 23:00:28.984904       1 reflector.go:138] vendor/k8s.io/client-go/informers/factory.go:134: Failed to watch *v1.Service: failed to list *v1.Service: services is forbidden: User "system:kube-scheduler" cannot list resource "services" in API group "" at the cluster scope
2022-06-21T23:00:28.99869832Z stderr F W0621 23:00:28.984919       1 reflector.go:324] vendor/k8s.io/client-go/informers/factory.go:134: failed to list *v1.Namespace: namespaces is forbidden: User "system:kube-scheduler" cannot list resource "namespaces" in API group "" at the cluster scope
2022-06-21T23:00:28.998704023Z stderr F E0621 23:00:28.984929       1 reflector.go:138] vendor/k8s.io/client-go/informers/factory.go:134: Failed to watch *v1.Namespace: failed to list *v1.Namespace: namespaces is forbidden: User "system:kube-scheduler" cannot list resource "namespaces" in API group "" at the cluster scope
2022-06-21T23:00:28.998709571Z stderr F W0621 23:00:28.985037       1 reflector.go:324] vendor/k8s.io/client-go/informers/factory.go:134: failed to list *v1.PersistentVolume: persistentvolumes is forbidden: User "system:kube-scheduler" cannot list resource "persistentvolumes" in API group "" at the cluster scope
2022-06-21T23:00:28.998715495Z stderr F E0621 23:00:28.985058       1 reflector.go:138] vendor/k8s.io/client-go/informers/factory.go:134: Failed to watch *v1.PersistentVolume: failed to list *v1.PersistentVolume: persistentvolumes is forbidden: User "system:kube-scheduler" cannot list resource "persistentvolumes" in API group "" at the cluster scope
2022-06-21T23:00:28.998720794Z stderr F W0621 23:00:28.985184       1 reflector.go:324] vendor/k8s.io/client-go/informers/factory.go:134: failed to list *v1.CSIStorageCapacity: csistoragecapacities.storage.k8s.io is forbidden: User "system:kube-scheduler" cannot list resource "csistoragecapacities" in API group "storage.k8s.io" at the cluster scope
2022-06-21T23:00:28.998726318Z stderr F E0621 23:00:28.985216       1 reflector.go:138] vendor/k8s.io/client-go/informers/factory.go:134: Failed to watch *v1.CSIStorageCapacity: failed to list *v1.CSIStorageCapacity: csistoragecapacities.storage.k8s.io is forbidden: User "system:kube-scheduler" cannot list resource "csistoragecapacities" in API group "storage.k8s.io" at the cluster scope
2022-06-21T23:00:28.998759785Z stderr F W0621 23:00:28.985367       1 reflector.go:324] vendor/k8s.io/client-go/informers/factory.go:134: failed to list *v1.Pod: pods is forbidden: User "system:kube-scheduler" cannot list resource "pods" in API group "" at the cluster scope
2022-06-21T23:00:28.998767628Z stderr F E0621 23:00:28.985388       1 reflector.go:138] vendor/k8s.io/client-go/informers/factory.go:134: Failed to watch *v1.Pod: failed to list *v1.Pod: pods is forbidden: User "system:kube-scheduler" cannot list resource "pods" in API group "" at the cluster scope
2022-06-21T23:00:28.998773Z stderr F W0621 23:00:28.985516       1 reflector.go:324] vendor/k8s.io/client-go/informers/factory.go:134: failed to list *v1.ReplicaSet: replicasets.apps is forbidden: User "system:kube-scheduler" cannot list resource "replicasets" in API group "apps" at the cluster scope
2022-06-21T23:00:28.9987788Z stderr F E0621 23:00:28.985539       1 reflector.go:138] vendor/k8s.io/client-go/informers/factory.go:134: Failed to watch *v1.ReplicaSet: failed to list *v1.ReplicaSet: replicasets.apps is forbidden: User "system:kube-scheduler" cannot list resource "replicasets" in API group "apps" at the cluster scope
2022-06-21T23:00:28.998790629Z stderr F W0621 23:00:28.985682       1 reflector.go:324] vendor/k8s.io/client-go/informers/factory.go:134: failed to list *v1.PersistentVolumeClaim: persistentvolumeclaims is forbidden: User "system:kube-scheduler" cannot list resource "persistentvolumeclaims" in API group "" at the cluster scope
2022-06-21T23:00:28.998797394Z stderr F E0621 23:00:28.985710       1 reflector.go:138] vendor/k8s.io/client-go/informers/factory.go:134: Failed to watch *v1.PersistentVolumeClaim: failed to list *v1.PersistentVolumeClaim: persistentvolumeclaims is forbidden: User "system:kube-scheduler" cannot list resource "persistentvolumeclaims" in API group "" at the cluster scope
2022-06-21T23:00:29.000714994Z stderr F W0621 23:00:29.000452       1 reflector.go:324] vendor/k8s.io/client-go/informers/factory.go:134: failed to list *v1.Node: nodes is forbidden: User "system:kube-scheduler" cannot list resource "nodes" in API group "" at the cluster scope
2022-06-21T23:00:29.000751324Z stderr F E0621 23:00:29.000546       1 reflector.go:138] vendor/k8s.io/client-go/informers/factory.go:134: Failed to watch *v1.Node: failed to list *v1.Node: nodes is forbidden: User "system:kube-scheduler" cannot list resource "nodes" in API group "" at the cluster scope
2022-06-21T23:00:29.001138305Z stderr F W0621 23:00:29.000928       1 reflector.go:324] vendor/k8s.io/client-go/informers/factory.go:134: failed to list *v1.CSINode: csinodes.storage.k8s.io is forbidden: User "system:kube-scheduler" cannot list resource "csinodes" in API group "storage.k8s.io" at the cluster scope
2022-06-21T23:00:29.001170818Z stderr F E0621 23:00:29.001006       1 reflector.go:138] vendor/k8s.io/client-go/informers/factory.go:134: Failed to watch *v1.CSINode: failed to list *v1.CSINode: csinodes.storage.k8s.io is forbidden: User "system:kube-scheduler" cannot list resource "csinodes" in API group "storage.k8s.io" at the cluster scope
2022-06-21T23:00:29.90134734Z stderr F W0621 23:00:29.900272       1 reflector.go:324] vendor/k8s.io/client-go/informers/factory.go:134: failed to list *v1.PodDisruptionBudget: poddisruptionbudgets.policy is forbidden: User "system:kube-scheduler" cannot list resource "poddisruptionbudgets" in API group "policy" at the cluster scope
2022-06-21T23:00:29.901439168Z stderr F E0621 23:00:29.900390       1 reflector.go:138] vendor/k8s.io/client-go/informers/factory.go:134: Failed to watch *v1.PodDisruptionBudget: failed to list *v1.PodDisruptionBudget: poddisruptionbudgets.policy is forbidden: User "system:kube-scheduler" cannot list resource "poddisruptionbudgets" in API group "policy" at the cluster scope
2022-06-21T23:00:30.165476541Z stderr F W0621 23:00:30.165114       1 reflector.go:324] vendor/k8s.io/client-go/informers/factory.go:134: failed to list *v1.PersistentVolume: persistentvolumes is forbidden: User "system:kube-scheduler" cannot list resource "persistentvolumes" in API group "" at the cluster scope
2022-06-21T23:00:30.165580643Z stderr F E0621 23:00:30.165240       1 reflector.go:138] vendor/k8s.io/client-go/informers/factory.go:134: Failed to watch *v1.PersistentVolume: failed to list *v1.PersistentVolume: persistentvolumes is forbidden: User "system:kube-scheduler" cannot list resource "persistentvolumes" in API group "" at the cluster scope
2022-06-21T23:00:30.165594065Z stderr F W0621 23:00:30.165336       1 reflector.go:324] vendor/k8s.io/client-go/informers/factory.go:134: failed to list *v1.Namespace: namespaces is forbidden: User "system:kube-scheduler" cannot list resource "namespaces" in API group "" at the cluster scope
2022-06-21T23:00:30.165598333Z stderr F E0621 23:00:30.165479       1 reflector.go:138] vendor/k8s.io/client-go/informers/factory.go:134: Failed to watch *v1.Namespace: failed to list *v1.Namespace: namespaces is forbidden: User "system:kube-scheduler" cannot list resource "namespaces" in API group "" at the cluster scope
2022-06-21T23:00:30.166120247Z stderr F W0621 23:00:30.165563       1 reflector.go:324] vendor/k8s.io/client-go/informers/factory.go:134: failed to list *v1.StatefulSet: statefulsets.apps is forbidden: User "system:kube-scheduler" cannot list resource "statefulsets" in API group "apps" at the cluster scope
2022-06-21T23:00:30.166281127Z stderr F E0621 23:00:30.165707       1 reflector.go:138] vendor/k8s.io/client-go/informers/factory.go:134: Failed to watch *v1.StatefulSet: failed to list *v1.StatefulSet: statefulsets.apps is forbidden: User "system:kube-scheduler" cannot list resource "statefulsets" in API group "apps" at the cluster scope
2022-06-21T23:00:30.166893397Z stderr F W0621 23:00:30.166359       1 reflector.go:324] vendor/k8s.io/client-go/informers/factory.go:134: failed to list *v1.Pod: pods is forbidden: User "system:kube-scheduler" cannot list resource "pods" in API group "" at the cluster scope
2022-06-21T23:00:30.166971169Z stderr F E0621 23:00:30.166452       1 reflector.go:138] vendor/k8s.io/client-go/informers/factory.go:134: Failed to watch *v1.Pod: failed to list *v1.Pod: pods is forbidden: User "system:kube-scheduler" cannot list resource "pods" in API group "" at the cluster scope
2022-06-21T23:00:30.166986057Z stderr F W0621 23:00:30.166638       1 reflector.go:324] vendor/k8s.io/client-go/informers/factory.go:134: failed to list *v1.CSINode: csinodes.storage.k8s.io is forbidden: User "system:kube-scheduler" cannot list resource "csinodes" in API group "storage.k8s.io" at the cluster scope
2022-06-21T23:00:30.169008432Z stderr F E0621 23:00:30.168828       1 reflector.go:138] vendor/k8s.io/client-go/informers/factory.go:134: Failed to watch *v1.CSINode: failed to list *v1.CSINode: csinodes.storage.k8s.io is forbidden: User "system:kube-scheduler" cannot list resource "csinodes" in API group "storage.k8s.io" at the cluster scope
2022-06-21T23:00:30.239211974Z stderr F W0621 23:00:30.238586       1 reflector.go:324] vendor/k8s.io/client-go/informers/factory.go:134: failed to list *v1.StorageClass: storageclasses.storage.k8s.io is forbidden: User "system:kube-scheduler" cannot list resource "storageclasses" in API group "storage.k8s.io" at the cluster scope
2022-06-21T23:00:30.295937195Z stderr F E0621 23:00:30.238718       1 reflector.go:138] vendor/k8s.io/client-go/informers/factory.go:134: Failed to watch *v1.StorageClass: failed to list *v1.StorageClass: storageclasses.storage.k8s.io is forbidden: User "system:kube-scheduler" cannot list resource "storageclasses" in API group "storage.k8s.io" at the cluster scope
2022-06-21T23:00:30.295964281Z stderr F W0621 23:00:30.238814       1 reflector.go:324] vendor/k8s.io/client-go/informers/factory.go:134: failed to list *v1.CSIStorageCapacity: csistoragecapacities.storage.k8s.io is forbidden: User "system:kube-scheduler" cannot list resource "csistoragecapacities" in API group "storage.k8s.io" at the cluster scope
2022-06-21T23:00:30.295995029Z stderr F E0621 23:00:30.238853       1 reflector.go:138] vendor/k8s.io/client-go/informers/factory.go:134: Failed to watch *v1.CSIStorageCapacity: failed to list *v1.CSIStorageCapacity: csistoragecapacities.storage.k8s.io is forbidden: User "system:kube-scheduler" cannot list resource "csistoragecapacities" in API group "storage.k8s.io" at the cluster scope
2022-06-21T23:00:30.296081188Z stderr F W0621 23:00:30.246806       1 reflector.go:324] vendor/k8s.io/client-go/informers/factory.go:134: failed to list *v1.Node: nodes is forbidden: User "system:kube-scheduler" cannot list resource "nodes" in API group "" at the cluster scope
2022-06-21T23:00:30.296106639Z stderr F E0621 23:00:30.246991       1 reflector.go:138] vendor/k8s.io/client-go/informers/factory.go:134: Failed to watch *v1.Node: failed to list *v1.Node: nodes is forbidden: User "system:kube-scheduler" cannot list resource "nodes" in API group "" at the cluster scope
2022-06-21T23:00:30.296121566Z stderr F W0621 23:00:30.282711       1 reflector.go:324] vendor/k8s.io/client-go/informers/factory.go:134: failed to list *v1.CSIDriver: csidrivers.storage.k8s.io is forbidden: User "system:kube-scheduler" cannot list resource "csidrivers" in API group "storage.k8s.io" at the cluster scope
2022-06-21T23:00:30.296128602Z stderr F E0621 23:00:30.282920       1 reflector.go:138] vendor/k8s.io/client-go/informers/factory.go:134: Failed to watch *v1.CSIDriver: failed to list *v1.CSIDriver: csidrivers.storage.k8s.io is forbidden: User "system:kube-scheduler" cannot list resource "csidrivers" in API group "storage.k8s.io" at the cluster scope
2022-06-21T23:00:30.582375305Z stderr F W0621 23:00:30.581816       1 reflector.go:324] vendor/k8s.io/client-go/informers/factory.go:134: failed to list *v1.ReplicationController: replicationcontrollers is forbidden: User "system:kube-scheduler" cannot list resource "replicationcontrollers" in API group "" at the cluster scope
2022-06-21T23:00:30.585893812Z stderr F E0621 23:00:30.581873       1 reflector.go:138] vendor/k8s.io/client-go/informers/factory.go:134: Failed to watch *v1.ReplicationController: failed to list *v1.ReplicationController: replicationcontrollers is forbidden: User "system:kube-scheduler" cannot list resource "replicationcontrollers" in API group "" at the cluster scope
2022-06-21T23:00:30.58598483Z stderr F W0621 23:00:30.582980       1 reflector.go:324] pkg/server/dynamiccertificates/configmap_cafile_content.go:206: failed to list *v1.ConfigMap: configmaps "extension-apiserver-authentication" is forbidden: User "system:kube-scheduler" cannot list resource "configmaps" in API group "" in the namespace "kube-system"
2022-06-21T23:00:30.586988286Z stderr F E0621 23:00:30.586223       1 reflector.go:138] pkg/server/dynamiccertificates/configmap_cafile_content.go:206: Failed to watch *v1.ConfigMap: failed to list *v1.ConfigMap: configmaps "extension-apiserver-authentication" is forbidden: User "system:kube-scheduler" cannot list resource "configmaps" in API group "" in the namespace "kube-system"
2022-06-21T23:00:30.58797335Z stderr F W0621 23:00:30.587655       1 reflector.go:324] vendor/k8s.io/client-go/informers/factory.go:134: failed to list *v1.Service: services is forbidden: User "system:kube-scheduler" cannot list resource "services" in API group "" at the cluster scope
2022-06-21T23:00:30.588017176Z stderr F E0621 23:00:30.587720       1 reflector.go:138] vendor/k8s.io/client-go/informers/factory.go:134: Failed to watch *v1.Service: failed to list *v1.Service: services is forbidden: User "system:kube-scheduler" cannot list resource "services" in API group "" at the cluster scope
2022-06-21T23:00:30.588029734Z stderr F W0621 23:00:30.587803       1 reflector.go:324] vendor/k8s.io/client-go/informers/factory.go:134: failed to list *v1.PersistentVolumeClaim: persistentvolumeclaims is forbidden: User "system:kube-scheduler" cannot list resource "persistentvolumeclaims" in API group "" at the cluster scope
2022-06-21T23:00:30.588434228Z stderr F E0621 23:00:30.588111       1 reflector.go:138] vendor/k8s.io/client-go/informers/factory.go:134: Failed to watch *v1.PersistentVolumeClaim: failed to list *v1.PersistentVolumeClaim: persistentvolumeclaims is forbidden: User "system:kube-scheduler" cannot list resource "persistentvolumeclaims" in API group "" at the cluster scope
2022-06-21T23:00:30.618930922Z stderr F W0621 23:00:30.618229       1 reflector.go:324] vendor/k8s.io/client-go/informers/factory.go:134: failed to list *v1.ReplicaSet: replicasets.apps is forbidden: User "system:kube-scheduler" cannot list resource "replicasets" in API group "apps" at the cluster scope
2022-06-21T23:00:30.619098362Z stderr F E0621 23:00:30.618306       1 reflector.go:138] vendor/k8s.io/client-go/informers/factory.go:134: Failed to watch *v1.ReplicaSet: failed to list *v1.ReplicaSet: replicasets.apps is forbidden: User "system:kube-scheduler" cannot list resource "replicasets" in API group "apps" at the cluster scope
2022-06-21T23:00:31.589596078Z stderr F W0621 23:00:31.589211       1 reflector.go:324] vendor/k8s.io/client-go/informers/factory.go:134: failed to list *v1.PodDisruptionBudget: poddisruptionbudgets.policy is forbidden: User "system:kube-scheduler" cannot list resource "poddisruptionbudgets" in API group "policy" at the cluster scope
2022-06-21T23:00:31.591591983Z stderr F E0621 23:00:31.589310       1 reflector.go:138] vendor/k8s.io/client-go/informers/factory.go:134: Failed to watch *v1.PodDisruptionBudget: failed to list *v1.PodDisruptionBudget: poddisruptionbudgets.policy is forbidden: User "system:kube-scheduler" cannot list resource "poddisruptionbudgets" in API group "policy" at the cluster scope
2022-06-21T23:00:31.835115857Z stderr F W0621 23:00:31.834822       1 reflector.go:324] vendor/k8s.io/client-go/informers/factory.go:134: failed to list *v1.StatefulSet: statefulsets.apps is forbidden: User "system:kube-scheduler" cannot list resource "statefulsets" in API group "apps" at the cluster scope
2022-06-21T23:00:31.835151326Z stderr F E0621 23:00:31.834881       1 reflector.go:138] vendor/k8s.io/client-go/informers/factory.go:134: Failed to watch *v1.StatefulSet: failed to list *v1.StatefulSet: statefulsets.apps is forbidden: User "system:kube-scheduler" cannot list resource "statefulsets" in API group "apps" at the cluster scope
2022-06-21T23:00:33.374662566Z stderr F I0621 23:00:33.368081       1 shared_informer.go:262] Caches are synced for client-ca::kube-system::extension-apiserver-authentication::client-ca-file
2022-06-21T23:00:37.906065073Z stderr F I0621 23:00:37.905535       1 leaderelection.go:248] attempting to acquire leader lease kube-system/kube-scheduler...
2022-06-21T23:00:37.936481247Z stderr F I0621 23:00:37.936313       1 leaderelection.go:258] successfully acquired lease kube-system/kube-scheduler
2022-06-21T23:02:02.303781051Z stderr F E0621 23:02:02.270851       1 leaderelection.go:330] error retrieving resource lock kube-system/kube-scheduler: Get "https://172.18.0.5:6443/apis/coordination.k8s.io/v1/namespaces/kube-system/leases/kube-scheduler?timeout=5s": net/http: request canceled (Client.Timeout exceeded while awaiting headers)
2022-06-21T23:02:06.721967355Z stderr F E0621 23:02:06.717091       1 leaderelection.go:330] error retrieving resource lock kube-system/kube-scheduler: Get "https://172.18.0.5:6443/apis/coordination.k8s.io/v1/namespaces/kube-system/leases/kube-scheduler?timeout=5s": context deadline exceeded
2022-06-21T23:02:06.721984625Z stderr F I0621 23:02:06.717288       1 leaderelection.go:283] failed to renew lease kube-system/kube-scheduler: timed out waiting for the condition
2022-06-21T23:02:06.721989263Z stderr F E0621 23:02:06.717391       1 leaderelection.go:306] Failed to release lock: resource name may not be empty
2022-06-21T23:02:06.766619937Z stderr F E0621 23:02:06.730822       1 server.go:218] "Leaderelection lost"
